#
# There is insufficient memory for the Java Runtime Environment to continue.
# Native memory allocation (malloc) failed to allocate 1017424 bytes for Chunk::new
# Possible reasons:
#   The system is out of physical RAM or swap space
#   The process is running with CompressedOops enabled, and the Java Heap may be blocking the growth of the native heap
# Possible solutions:
#   Reduce memory load on the system
#   Increase physical memory or swap space
#   Check if swap backing store is full
#   Decrease Java heap size (-Xmx/-Xms)
#   Decrease number of Java threads
#   Decrease Java thread stack sizes (-Xss)
#   Set larger code cache with -XX:ReservedCodeCacheSize=
#   JVM is running with Unscaled Compressed Oops mode in which the Java heap is
#     placed in the first 4GB address space. The Java Heap base address is the
#     maximum limit for the native heap growth. Please use -XX:HeapBaseMinAddress
#     to set the Java Heap base and to place the Java Heap above 4GB virtual address.
# This output file may be truncated or incomplete.
#
#  Out of Memory Error (./open/src/hotspot/share/memory/arena.cpp:195), pid=17428, tid=15092
#
# JRE version: OpenJDK Runtime Environment (15.0.2+7) (build 15.0.2+7-27)
# Java VM: OpenJDK 64-Bit Server VM (15.0.2+7-27, mixed mode, sharing, tiered, compressed oops, g1 gc, windows-amd64)
# No core dump will be written. Minidumps are not enabled by default on client versions of Windows
#

---------------  S U M M A R Y ------------

Command Line: --add-opens=java.base/java.util=ALL-UNNAMED --add-opens=java.base/java.lang=ALL-UNNAMED --add-opens=java.base/java.lang.invoke=ALL-UNNAMED --add-opens=java.prefs/java.util.prefs=ALL-UNNAMED -XX:MaxMetaspaceSize=256m -XX:+HeapDumpOnOutOfMemoryError -Xms256m -Xmx512m -Dfile.encoding=windows-1251 -Duser.country=RU -Duser.language=ru -Duser.variant org.gradle.launcher.daemon.bootstrap.GradleDaemon 6.7.1

Host: Intel(R) Core(TM) i5-8250U CPU @ 1.60GHz, 8 cores, 3G,  Windows 10 , 64 bit Build 19041 (10.0.19041.928)
Time: Thu Jun  3 21:38:22 2021 RTZ 2 (ÁËÏ‡) elapsed time: 103.538561 seconds (0d 0h 1m 43s)

---------------  T H R E A D  ---------------

Current thread (0x000001c4215a1e70):  JavaThread "C2 CompilerThread0" daemon [_thread_in_native, id=15092, stack(0x00000025b8700000,0x00000025b8800000)]


Current CompileTask:
C2: 103538 5945       4       java.util.zip.ZipFile$Source::initCEN (805 bytes)

Stack: [0x00000025b8700000,0x00000025b8800000]
Native frames: (J=compiled Java code, j=interpreted, Vv=VM code, C=native code)
V  [jvm.dll+0x62ae9a]
V  [jvm.dll+0x7817a9]
V  [jvm.dll+0x782f03]
V  [jvm.dll+0x783563]
V  [jvm.dll+0x216325]
V  [jvm.dll+0x97f3a]
V  [jvm.dll+0x9861c]
V  [jvm.dll+0x32e305]
V  [jvm.dll+0x2f768a]
V  [jvm.dll+0x2f6a4a]
V  [jvm.dll+0x1ea705]
V  [jvm.dll+0x1e996e]
V  [jvm.dll+0x178567]
V  [jvm.dll+0x1f9225]
V  [jvm.dll+0x1f72cc]
V  [jvm.dll+0x74495d]
V  [jvm.dll+0x73d75a]
V  [jvm.dll+0x629c56]
C  [ucrtbase.dll+0x21bb2]
C  [KERNEL32.DLL+0x17034]
C  [ntdll.dll+0x52651]


---------------  P R O C E S S  ---------------

Threads class SMR info:
_java_thread_list=0x000001c422a34ef0, length=48, elements={
0x000001c4062b2b90, 0x000001c421579e30, 0x000001c42157b2c0, 0x000001c421596eb0,
0x000001c421599880, 0x000001c42159b9f0, 0x000001c4215a1e70, 0x000001c4215a6cd0,
0x000001c4215a7d70, 0x000001c421fe5270, 0x000001c421fe6800, 0x000001c42bbfe0e0,
0x000001c42bc81420, 0x000001c4222a01a0, 0x000001c4221c65b0, 0x000001c4221c7420,
0x000001c4221c60e0, 0x000001c4221c8c30, 0x000001c4221c9100, 0x000001c42c296b20,
0x000001c42c293fd0, 0x000001c42c298800, 0x000001c42c2922f0, 0x000001c42c295cb0,
0x000001c42c2957e0, 0x000001c42c294e40, 0x000001c42c2991a0, 0x000001c42c294970,
0x000001c42c296650, 0x000001c42c296ff0, 0x000001c42c292c90, 0x000001c42c2974c0,
0x000001c42c296180, 0x000001c42c297990, 0x000001c42c298cd0, 0x000001c42c291950,
0x000001c42c2927c0, 0x000001c42c293160, 0x000001c42c293630, 0x000001c42c295310,
0x000001c42c2944a0, 0x000001c42bdc1870, 0x000001c42bdbdeb0, 0x000001c42bdc3080,
0x000001c42bdc2bb0, 0x000001c42bdc3a20, 0x000001c42bdbe380, 0x000001c42bdc2210
}

Java Threads: ( => current thread )
  0x000001c4062b2b90 JavaThread "main" [_thread_blocked, id=7700, stack(0x00000025b7b00000,0x00000025b7c00000)]
  0x000001c421579e30 JavaThread "Reference Handler" daemon [_thread_blocked, id=14616, stack(0x00000025b8200000,0x00000025b8300000)]
  0x000001c42157b2c0 JavaThread "Finalizer" daemon [_thread_blocked, id=16424, stack(0x00000025b8300000,0x00000025b8400000)]
  0x000001c421596eb0 JavaThread "Signal Dispatcher" daemon [_thread_blocked, id=17392, stack(0x00000025b8400000,0x00000025b8500000)]
  0x000001c421599880 JavaThread "Attach Listener" daemon [_thread_blocked, id=11888, stack(0x00000025b8500000,0x00000025b8600000)]
  0x000001c42159b9f0 JavaThread "Service Thread" daemon [_thread_blocked, id=11236, stack(0x00000025b8600000,0x00000025b8700000)]
=>0x000001c4215a1e70 JavaThread "C2 CompilerThread0" daemon [_thread_in_native, id=15092, stack(0x00000025b8700000,0x00000025b8800000)]
  0x000001c4215a6cd0 JavaThread "C1 CompilerThread0" daemon [_thread_blocked, id=492, stack(0x00000025b8800000,0x00000025b8900000)]
  0x000001c4215a7d70 JavaThread "Sweeper thread" daemon [_thread_blocked, id=2332, stack(0x00000025b8900000,0x00000025b8a00000)]
  0x000001c421fe5270 JavaThread "Common-Cleaner" daemon [_thread_blocked, id=11448, stack(0x00000025b8a00000,0x00000025b8b00000)]
  0x000001c421fe6800 JavaThread "Notification Thread" daemon [_thread_blocked, id=14548, stack(0x00000025b8b00000,0x00000025b8c00000)]
  0x000001c42bbfe0e0 JavaThread "Daemon health stats" [_thread_blocked, id=14312, stack(0x00000025b9300000,0x00000025b9400000)]
  0x000001c42bc81420 JavaThread "Incoming local TCP Connector on port 51100" [_thread_in_native, id=7724, stack(0x00000025b9600000,0x00000025b9700000)]
  0x000001c4222a01a0 JavaThread "Daemon periodic checks" [_thread_blocked, id=14572, stack(0x00000025b9700000,0x00000025b9800000)]
  0x000001c4221c65b0 JavaThread "Cache worker for file hash cache (C:\Users\–Æ—Ä–∏–π\.gradle\caches\6.7.1\fileHashes)" [_thread_blocked, id=13956, stack(0x00000025b9f00000,0x00000025ba000000)]
  0x000001c4221c7420 JavaThread "File lock request listener" [_thread_in_native, id=18080, stack(0x00000025ba000000,0x00000025ba100000)]
  0x000001c4221c60e0 JavaThread "Cache worker for journal cache (C:\Users\–Æ—Ä–∏–π\.gradle\caches\journal-1)" [_thread_blocked, id=6708, stack(0x00000025ba100000,0x00000025ba200000)]
  0x000001c4221c8c30 JavaThread "Cache worker for execution history cache (C:\Users\–Æ—Ä–∏–π\.gradle\caches\6.7.1\executionHistory)" [_thread_blocked, id=3484, stack(0x00000025ba600000,0x00000025ba700000)]
  0x000001c4221c9100 JavaThread "Cache worker for file content cache (C:\Users\–Æ—Ä–∏–π\.gradle\caches\6.7.1\fileContent)" [_thread_blocked, id=6036, stack(0x00000025bab00000,0x00000025bac00000)]
  0x000001c42c296b20 JavaThread "Memory manager" [_thread_blocked, id=10824, stack(0x00000025bc600000,0x00000025bc700000)]
  0x000001c42c293fd0 JavaThread "Daemon Thread 2" [_thread_blocked, id=11332, stack(0x00000025b7800000,0x00000025b7900000)]
  0x000001c42c298800 JavaThread "Handler for socket connection from /127.0.0.1:51100 to /127.0.0.1:54940" [_thread_in_native, id=3936, stack(0x00000025b7900000,0x00000025b7a00000)]
  0x000001c42c2922f0 JavaThread "Cancel handler" [_thread_blocked, id=14836, stack(0x00000025b7a00000,0x00000025b7b00000)]
  0x000001c42c295cb0 JavaThread "Daemon worker Thread 2" [_thread_in_native, id=16160, stack(0x00000025b9800000,0x00000025b9900000)]
  0x000001c42c2957e0 JavaThread "Asynchronous log dispatcher for DefaultDaemonConnection: socket connection from /127.0.0.1:51100 to /127.0.0.1:54940" [_thread_blocked, id=8440, stack(0x00000025b9900000,0x00000025b9a00000)]
  0x000001c42c294e40 JavaThread "Stdin handler" [_thread_blocked, id=12396, stack(0x00000025b9a00000,0x00000025b9b00000)]
  0x000001c42c2991a0 JavaThread "Thread-58" [_thread_blocked, id=14944, stack(0x00000025b9b00000,0x00000025b9c00000)]
  0x000001c42c294970 JavaThread "Cache worker for file hash cache (C:\Users\–Æ—Ä–∏–π\OneDrive\–†–∞–±–æ—á–∏–π —Å—Ç–æ–ª\DiplomProject\sportCoach\backend\.gradle\6.7.1\fileHashes)" [_thread_blocked, id=18324, stack(0x00000025b9c00000,0x00000025b9d00000)]
  0x000001c42c296650 JavaThread "jar transforms Thread 18" [_thread_blocked, id=11168, stack(0x00000025b9d00000,0x00000025b9e00000)]
  0x000001c42c296ff0 JavaThread "jar transforms Thread 19" [_thread_blocked, id=13384, stack(0x00000025b9e00000,0x00000025b9f00000)]
  0x000001c42c292c90 JavaThread "jar transforms Thread 20" [_thread_blocked, id=13268, stack(0x00000025ba200000,0x00000025ba300000)]
  0x000001c42c2974c0 JavaThread "jar transforms Thread 21" [_thread_blocked, id=11072, stack(0x00000025ba300000,0x00000025ba400000)]
  0x000001c42c296180 JavaThread "jar transforms Thread 22" [_thread_blocked, id=5600, stack(0x00000025ba400000,0x00000025ba500000)]
  0x000001c42c297990 JavaThread "jar transforms Thread 23" [_thread_blocked, id=14140, stack(0x00000025ba500000,0x00000025ba600000)]
  0x000001c42c298cd0 JavaThread "jar transforms Thread 24" [_thread_blocked, id=12608, stack(0x00000025baa00000,0x00000025bab00000)]
  0x000001c42c291950 JavaThread "jar transforms Thread 25" [_thread_blocked, id=15492, stack(0x00000025bac00000,0x00000025bad00000)]
  0x000001c42c2927c0 JavaThread "jar transforms Thread 26" [_thread_blocked, id=9080, stack(0x00000025bad00000,0x00000025bae00000)]
  0x000001c42c293160 JavaThread "jar transforms Thread 27" [_thread_blocked, id=17556, stack(0x00000025bae00000,0x00000025baf00000)]
  0x000001c42c293630 JavaThread "jar transforms Thread 28" [_thread_blocked, id=14276, stack(0x00000025baf00000,0x00000025bb000000)]
  0x000001c42c295310 JavaThread "jar transforms Thread 29" [_thread_blocked, id=15444, stack(0x00000025bb000000,0x00000025bb100000)]
  0x000001c42c2944a0 JavaThread "jar transforms Thread 30" [_thread_blocked, id=16936, stack(0x00000025bb100000,0x00000025bb200000)]
  0x000001c42bdc1870 JavaThread "jar transforms Thread 31" [_thread_blocked, id=12280, stack(0x00000025bb200000,0x00000025bb300000)]
  0x000001c42bdbdeb0 JavaThread "jar transforms Thread 32" [_thread_blocked, id=1672, stack(0x00000025bb300000,0x00000025bb400000)]
  0x000001c42bdc3080 JavaThread "jar transforms Thread 33" [_thread_blocked, id=6140, stack(0x00000025bb400000,0x00000025bb500000)]
  0x000001c42bdc2bb0 JavaThread "jar transforms Thread 34" [_thread_blocked, id=16504, stack(0x00000025bb500000,0x00000025bb600000)]
  0x000001c42bdc3a20 JavaThread "jar transforms Thread 35" [_thread_blocked, id=18172, stack(0x00000025bb600000,0x00000025bb700000)]
  0x000001c42bdbe380 JavaThread "jar transforms Thread 36" [_thread_blocked, id=1748, stack(0x00000025bb700000,0x00000025bb800000)]
  0x000001c42bdc2210 JavaThread "jar transforms Thread 37" [_thread_blocked, id=12760, stack(0x00000025bb800000,0x00000025bb900000)]

Other Threads:
  0x000001c421573ae0 VMThread "VM Thread" [stack: 0x00000025b8100000,0x00000025b8200000] [id=2608]
  0x000001c421fe8b30 WatcherThread [stack: 0x00000025b8c00000,0x00000025b8d00000] [id=9580]
  0x000001c4062d9980 GCTaskThread "GC Thread#0" [stack: 0x00000025b7c00000,0x00000025b7d00000] [id=17220]
  0x000001c422854b80 GCTaskThread "GC Thread#1" [stack: 0x00000025b8d00000,0x00000025b8e00000] [id=3060]
  0x000001c4228561d0 GCTaskThread "GC Thread#2" [stack: 0x00000025b8e00000,0x00000025b8f00000] [id=14936]
  0x000001c422853860 GCTaskThread "GC Thread#3" [stack: 0x00000025b8f00000,0x00000025b9000000] [id=6724]
  0x000001c422856500 GCTaskThread "GC Thread#4" [stack: 0x00000025b9000000,0x00000025b9100000] [id=17988]
  0x000001c422855840 GCTaskThread "GC Thread#5" [stack: 0x00000025b9100000,0x00000025b9200000] [id=10876]
  0x000001c422856e90 GCTaskThread "GC Thread#6" [stack: 0x00000025ba700000,0x00000025ba800000] [id=8468]
  0x000001c422855b70 GCTaskThread "GC Thread#7" [stack: 0x00000025ba800000,0x00000025ba900000] [id=11224]
  0x000001c4062de9e0 ConcurrentGCThread "G1 Main Marker" [stack: 0x00000025b7d00000,0x00000025b7e00000] [id=16772]
  0x000001c4062df4e0 ConcurrentGCThread "G1 Conc#0" [stack: 0x00000025b7e00000,0x00000025b7f00000] [id=2408]
  0x000001c4228551e0 ConcurrentGCThread "G1 Conc#1" [stack: 0x00000025ba900000,0x00000025baa00000] [id=8512]
  0x000001c40638d670 ConcurrentGCThread "G1 Refine#0" [stack: 0x00000025b7f00000,0x00000025b8000000] [id=16144]
  0x000001c4220c3000 ConcurrentGCThread "G1 Refine#1" [stack: 0x00000025b9200000,0x00000025b9300000] [id=8168]
  0x000001c40638e180 ConcurrentGCThread "G1 Young RemSet Sampling" [stack: 0x00000025b8000000,0x00000025b8100000] [id=13996]

Threads with active compile tasks:
C2 CompilerThread0   103675 5945       4       java.util.zip.ZipFile$Source::initCEN (805 bytes)

VM state: not at safepoint (normal execution)

VM Mutex/Monitor currently owned by a thread: None

Heap address: 0x00000000e0000000, size: 512 MB, Compressed Oops mode: 32-bit
CDS archive(s) mapped at: [0x0000000800000000-0x0000000800b50000-0x0000000800b50000), size 11862016, SharedBaseAddress: 0x0000000800000000, ArchiveRelocationMode: 0.
Compressed class space mapped at: 0x0000000800b50000-0x0000000810350000, size: 260046848
Narrow klass base: 0x0000000800000000, Narrow klass shift: 3, Narrow klass range: 0x100000000

GC Precious Log:
 CPUs: 8 total, 8 available
 Memory: 3970M
 Large Page Support: Disabled
 NUMA Support: Disabled
 Compressed Oops: Enabled (32-bit)
 Heap Region Size: 1M
 Heap Min Capacity: 256M
 Heap Initial Capacity: 256M
 Heap Max Capacity: 512M
 Pre-touch: Disabled
 Parallel Workers: 8
 Concurrent Workers: 2
 Concurrent Refinement Workers: 8
 Periodic GC: Disabled

Heap:
 garbage-first heap   total 262144K, used 65923K [0x00000000e0000000, 0x0000000100000000)
  region size 1024K, 43 young (44032K), 19 survivors (19456K)
 Metaspace       used 49250K, capacity 50208K, committed 50352K, reserved 299008K
  class space    used 6543K, capacity 6835K, committed 6912K, reserved 253952K

Heap Regions: E=young(eden), S=young(survivor), O=old, HS=humongous(starts), HC=humongous(continues), CS=collection set, F=free, OA=open archive, CA=closed archive, TAMS=top-at-mark-start (previous, next)
|   0|0x00000000e0000000, 0x00000000e0100000, 0x00000000e0100000|100%| O|  |TAMS 0x00000000e0100000, 0x00000000e0000000| Untracked 
|   1|0x00000000e0100000, 0x00000000e0200000, 0x00000000e0200000|100%| O|  |TAMS 0x00000000e0200000, 0x00000000e0100000| Untracked 
|   2|0x00000000e0200000, 0x00000000e0300000, 0x00000000e0300000|100%| O|  |TAMS 0x00000000e0299400, 0x00000000e0200000| Untracked 
|   3|0x00000000e0300000, 0x00000000e0400000, 0x00000000e0400000|100%|HS|  |TAMS 0x00000000e0400000, 0x00000000e0300000| Complete 
|   4|0x00000000e0400000, 0x00000000e0500000, 0x00000000e0500000|100%|HC|  |TAMS 0x00000000e0500000, 0x00000000e0400000| Complete 
|   5|0x00000000e0500000, 0x00000000e0600000, 0x00000000e0600000|100%|HC|  |TAMS 0x00000000e0600000, 0x00000000e0500000| Complete 
|   6|0x00000000e0600000, 0x00000000e0700000, 0x00000000e0700000|100%| O|  |TAMS 0x00000000e0700000, 0x00000000e0600000| Untracked 
|   7|0x00000000e0700000, 0x00000000e0800000, 0x00000000e0800000|100%| O|  |TAMS 0x00000000e0800000, 0x00000000e0700000| Untracked 
|   8|0x00000000e0800000, 0x00000000e0900000, 0x00000000e0900000|100%| O|  |TAMS 0x00000000e0900000, 0x00000000e0800000| Untracked 
|   9|0x00000000e0900000, 0x00000000e0a00000, 0x00000000e0a00000|100%| O|  |TAMS 0x00000000e0900000, 0x00000000e0900000| Untracked 
|  10|0x00000000e0a00000, 0x00000000e0b00000, 0x00000000e0b00000|100%| O|  |TAMS 0x00000000e0a00000, 0x00000000e0a00000| Untracked 
|  11|0x00000000e0b00000, 0x00000000e0c00000, 0x00000000e0c00000|100%| O|  |TAMS 0x00000000e0b00000, 0x00000000e0b00000| Untracked 
|  12|0x00000000e0c00000, 0x00000000e0d00000, 0x00000000e0d00000|100%| O|  |TAMS 0x00000000e0c00000, 0x00000000e0c00000| Untracked 
|  13|0x00000000e0d00000, 0x00000000e0e00000, 0x00000000e0e00000|100%| O|  |TAMS 0x00000000e0d00000, 0x00000000e0d00000| Untracked 
|  14|0x00000000e0e00000, 0x00000000e0f00000, 0x00000000e0f00000|100%| O|  |TAMS 0x00000000e0e00000, 0x00000000e0e00000| Untracked 
|  15|0x00000000e0f00000, 0x00000000e1000000, 0x00000000e1000000|100%| O|  |TAMS 0x00000000e0f00000, 0x00000000e0f00000| Untracked 
|  16|0x00000000e1000000, 0x00000000e1100000, 0x00000000e1100000|100%| O|  |TAMS 0x00000000e1000000, 0x00000000e1000000| Untracked 
|  17|0x00000000e1100000, 0x00000000e1200000, 0x00000000e1200000|100%| O|  |TAMS 0x00000000e1100000, 0x00000000e1100000| Untracked 
|  18|0x00000000e1200000, 0x00000000e12d1200, 0x00000000e1300000| 81%| O|  |TAMS 0x00000000e1200000, 0x00000000e1200000| Untracked 
|  19|0x00000000e1300000, 0x00000000e1400000, 0x00000000e1400000|100%|HS|  |TAMS 0x00000000e1300000, 0x00000000e1300000| Complete 
|  20|0x00000000e1400000, 0x00000000e1500000, 0x00000000e1500000|100%|HC|  |TAMS 0x00000000e1400000, 0x00000000e1400000| Complete 
|  21|0x00000000e1500000, 0x00000000e1600000, 0x00000000e1600000|100%|HS|  |TAMS 0x00000000e1500000, 0x00000000e1500000| Complete 
|  22|0x00000000e1600000, 0x00000000e1700000, 0x00000000e1700000|100%|HC|  |TAMS 0x00000000e1600000, 0x00000000e1600000| Complete 
|  23|0x00000000e1700000, 0x00000000e1800000, 0x00000000e1800000|100%|HC|  |TAMS 0x00000000e1700000, 0x00000000e1700000| Complete 
|  24|0x00000000e1800000, 0x00000000e1800000, 0x00000000e1900000|  0%| F|  |TAMS 0x00000000e1800000, 0x00000000e1800000| Untracked 
|  25|0x00000000e1900000, 0x00000000e1900000, 0x00000000e1a00000|  0%| F|  |TAMS 0x00000000e1900000, 0x00000000e1900000| Untracked 
|  26|0x00000000e1a00000, 0x00000000e1a00000, 0x00000000e1b00000|  0%| F|  |TAMS 0x00000000e1a00000, 0x00000000e1a00000| Untracked 
|  27|0x00000000e1b00000, 0x00000000e1b00000, 0x00000000e1c00000|  0%| F|  |TAMS 0x00000000e1b00000, 0x00000000e1b00000| Untracked 
|  28|0x00000000e1c00000, 0x00000000e1c00000, 0x00000000e1d00000|  0%| F|  |TAMS 0x00000000e1c00000, 0x00000000e1c00000| Untracked 
|  29|0x00000000e1d00000, 0x00000000e1d00000, 0x00000000e1e00000|  0%| F|  |TAMS 0x00000000e1d00000, 0x00000000e1d00000| Untracked 
|  30|0x00000000e1e00000, 0x00000000e1e00000, 0x00000000e1f00000|  0%| F|  |TAMS 0x00000000e1e00000, 0x00000000e1e00000| Untracked 
|  31|0x00000000e1f00000, 0x00000000e1f00000, 0x00000000e2000000|  0%| F|  |TAMS 0x00000000e1f00000, 0x00000000e1f00000| Untracked 
|  32|0x00000000e2000000, 0x00000000e2000000, 0x00000000e2100000|  0%| F|  |TAMS 0x00000000e2000000, 0x00000000e2000000| Untracked 
|  33|0x00000000e2100000, 0x00000000e2100000, 0x00000000e2200000|  0%| F|  |TAMS 0x00000000e2100000, 0x00000000e2100000| Untracked 
|  34|0x00000000e2200000, 0x00000000e2200000, 0x00000000e2300000|  0%| F|  |TAMS 0x00000000e2200000, 0x00000000e2200000| Untracked 
|  35|0x00000000e2300000, 0x00000000e2300000, 0x00000000e2400000|  0%| F|  |TAMS 0x00000000e2300000, 0x00000000e2300000| Untracked 
|  36|0x00000000e2400000, 0x00000000e2400000, 0x00000000e2500000|  0%| F|  |TAMS 0x00000000e2400000, 0x00000000e2400000| Untracked 
|  37|0x00000000e2500000, 0x00000000e2500000, 0x00000000e2600000|  0%| F|  |TAMS 0x00000000e2500000, 0x00000000e2500000| Untracked 
|  38|0x00000000e2600000, 0x00000000e2600000, 0x00000000e2700000|  0%| F|  |TAMS 0x00000000e2600000, 0x00000000e2600000| Untracked 
|  39|0x00000000e2700000, 0x00000000e2700000, 0x00000000e2800000|  0%| F|  |TAMS 0x00000000e2700000, 0x00000000e2700000| Untracked 
|  40|0x00000000e2800000, 0x00000000e2800000, 0x00000000e2900000|  0%| F|  |TAMS 0x00000000e2800000, 0x00000000e2800000| Untracked 
|  41|0x00000000e2900000, 0x00000000e2900000, 0x00000000e2a00000|  0%| F|  |TAMS 0x00000000e2900000, 0x00000000e2900000| Untracked 
|  42|0x00000000e2a00000, 0x00000000e2a00000, 0x00000000e2b00000|  0%| F|  |TAMS 0x00000000e2a00000, 0x00000000e2a00000| Untracked 
|  43|0x00000000e2b00000, 0x00000000e2b00000, 0x00000000e2c00000|  0%| F|  |TAMS 0x00000000e2b00000, 0x00000000e2b00000| Untracked 
|  44|0x00000000e2c00000, 0x00000000e2c00000, 0x00000000e2d00000|  0%| F|  |TAMS 0x00000000e2c00000, 0x00000000e2c00000| Untracked 
|  45|0x00000000e2d00000, 0x00000000e2d00000, 0x00000000e2e00000|  0%| F|  |TAMS 0x00000000e2d00000, 0x00000000e2d00000| Untracked 
|  46|0x00000000e2e00000, 0x00000000e2e00000, 0x00000000e2f00000|  0%| F|  |TAMS 0x00000000e2e00000, 0x00000000e2e00000| Untracked 
|  47|0x00000000e2f00000, 0x00000000e2f00000, 0x00000000e3000000|  0%| F|  |TAMS 0x00000000e2f00000, 0x00000000e2f00000| Untracked 
|  48|0x00000000e3000000, 0x00000000e3000000, 0x00000000e3100000|  0%| F|  |TAMS 0x00000000e3000000, 0x00000000e3000000| Untracked 
|  49|0x00000000e3100000, 0x00000000e3100000, 0x00000000e3200000|  0%| F|  |TAMS 0x00000000e3100000, 0x00000000e3100000| Untracked 
|  50|0x00000000e3200000, 0x00000000e3200000, 0x00000000e3300000|  0%| F|  |TAMS 0x00000000e3200000, 0x00000000e3200000| Untracked 
|  51|0x00000000e3300000, 0x00000000e3300000, 0x00000000e3400000|  0%| F|  |TAMS 0x00000000e3300000, 0x00000000e3300000| Untracked 
|  52|0x00000000e3400000, 0x00000000e3400000, 0x00000000e3500000|  0%| F|  |TAMS 0x00000000e3400000, 0x00000000e3400000| Untracked 
|  53|0x00000000e3500000, 0x00000000e3500000, 0x00000000e3600000|  0%| F|  |TAMS 0x00000000e3500000, 0x00000000e3500000| Untracked 
|  54|0x00000000e3600000, 0x00000000e3600000, 0x00000000e3700000|  0%| F|  |TAMS 0x00000000e3600000, 0x00000000e3600000| Untracked 
|  55|0x00000000e3700000, 0x00000000e3700000, 0x00000000e3800000|  0%| F|  |TAMS 0x00000000e3700000, 0x00000000e3700000| Untracked 
|  56|0x00000000e3800000, 0x00000000e3800000, 0x00000000e3900000|  0%| F|  |TAMS 0x00000000e3800000, 0x00000000e3800000| Untracked 
|  57|0x00000000e3900000, 0x00000000e3900000, 0x00000000e3a00000|  0%| F|  |TAMS 0x00000000e3900000, 0x00000000e3900000| Untracked 
|  58|0x00000000e3a00000, 0x00000000e3a00000, 0x00000000e3b00000|  0%| F|  |TAMS 0x00000000e3a00000, 0x00000000e3a00000| Untracked 
|  59|0x00000000e3b00000, 0x00000000e3b00000, 0x00000000e3c00000|  0%| F|  |TAMS 0x00000000e3b00000, 0x00000000e3b00000| Untracked 
|  60|0x00000000e3c00000, 0x00000000e3c00000, 0x00000000e3d00000|  0%| F|  |TAMS 0x00000000e3c00000, 0x00000000e3c00000| Untracked 
|  61|0x00000000e3d00000, 0x00000000e3d00000, 0x00000000e3e00000|  0%| F|  |TAMS 0x00000000e3d00000, 0x00000000e3d00000| Untracked 
|  62|0x00000000e3e00000, 0x00000000e3e00000, 0x00000000e3f00000|  0%| F|  |TAMS 0x00000000e3e00000, 0x00000000e3e00000| Untracked 
|  63|0x00000000e3f00000, 0x00000000e3f00000, 0x00000000e4000000|  0%| F|  |TAMS 0x00000000e3f00000, 0x00000000e3f00000| Untracked 
|  64|0x00000000e4000000, 0x00000000e4000000, 0x00000000e4100000|  0%| F|  |TAMS 0x00000000e4000000, 0x00000000e4000000| Untracked 
|  65|0x00000000e4100000, 0x00000000e4100000, 0x00000000e4200000|  0%| F|  |TAMS 0x00000000e4100000, 0x00000000e4100000| Untracked 
|  66|0x00000000e4200000, 0x00000000e4200000, 0x00000000e4300000|  0%| F|  |TAMS 0x00000000e4200000, 0x00000000e4200000| Untracked 
|  67|0x00000000e4300000, 0x00000000e4300000, 0x00000000e4400000|  0%| F|  |TAMS 0x00000000e4300000, 0x00000000e4300000| Untracked 
|  68|0x00000000e4400000, 0x00000000e4400000, 0x00000000e4500000|  0%| F|  |TAMS 0x00000000e4400000, 0x00000000e4400000| Untracked 
|  69|0x00000000e4500000, 0x00000000e4500000, 0x00000000e4600000|  0%| F|  |TAMS 0x00000000e4500000, 0x00000000e4500000| Untracked 
|  70|0x00000000e4600000, 0x00000000e4600000, 0x00000000e4700000|  0%| F|  |TAMS 0x00000000e4600000, 0x00000000e4600000| Untracked 
|  71|0x00000000e4700000, 0x00000000e4700000, 0x00000000e4800000|  0%| F|  |TAMS 0x00000000e4700000, 0x00000000e4700000| Untracked 
|  72|0x00000000e4800000, 0x00000000e4800000, 0x00000000e4900000|  0%| F|  |TAMS 0x00000000e4800000, 0x00000000e4800000| Untracked 
|  73|0x00000000e4900000, 0x00000000e4900000, 0x00000000e4a00000|  0%| F|  |TAMS 0x00000000e4900000, 0x00000000e4900000| Untracked 
|  74|0x00000000e4a00000, 0x00000000e4a00000, 0x00000000e4b00000|  0%| F|  |TAMS 0x00000000e4a00000, 0x00000000e4a00000| Untracked 
|  75|0x00000000e4b00000, 0x00000000e4b00000, 0x00000000e4c00000|  0%| F|  |TAMS 0x00000000e4b00000, 0x00000000e4b00000| Untracked 
|  76|0x00000000e4c00000, 0x00000000e4c00000, 0x00000000e4d00000|  0%| F|  |TAMS 0x00000000e4c00000, 0x00000000e4c00000| Untracked 
|  77|0x00000000e4d00000, 0x00000000e4d00000, 0x00000000e4e00000|  0%| F|  |TAMS 0x00000000e4d00000, 0x00000000e4d00000| Untracked 
|  78|0x00000000e4e00000, 0x00000000e4e00000, 0x00000000e4f00000|  0%| F|  |TAMS 0x00000000e4e00000, 0x00000000e4e00000| Untracked 
|  79|0x00000000e4f00000, 0x00000000e4f00000, 0x00000000e5000000|  0%| F|  |TAMS 0x00000000e4f00000, 0x00000000e4f00000| Untracked 
|  80|0x00000000e5000000, 0x00000000e5000000, 0x00000000e5100000|  0%| F|  |TAMS 0x00000000e5000000, 0x00000000e5000000| Untracked 
|  81|0x00000000e5100000, 0x00000000e5100000, 0x00000000e5200000|  0%| F|  |TAMS 0x00000000e5100000, 0x00000000e5100000| Untracked 
|  82|0x00000000e5200000, 0x00000000e5200000, 0x00000000e5300000|  0%| F|  |TAMS 0x00000000e5200000, 0x00000000e5200000| Untracked 
|  83|0x00000000e5300000, 0x00000000e5300000, 0x00000000e5400000|  0%| F|  |TAMS 0x00000000e5300000, 0x00000000e5300000| Untracked 
|  84|0x00000000e5400000, 0x00000000e548fca0, 0x00000000e5500000| 56%| S|CS|TAMS 0x00000000e5400000, 0x00000000e5400000| Complete 
|  85|0x00000000e5500000, 0x00000000e5600000, 0x00000000e5600000|100%| S|CS|TAMS 0x00000000e5500000, 0x00000000e5500000| Complete 
|  86|0x00000000e5600000, 0x00000000e5700000, 0x00000000e5700000|100%| S|CS|TAMS 0x00000000e5600000, 0x00000000e5600000| Complete 
|  87|0x00000000e5700000, 0x00000000e5800000, 0x00000000e5800000|100%| S|CS|TAMS 0x00000000e5700000, 0x00000000e5700000| Complete 
|  88|0x00000000e5800000, 0x00000000e5900000, 0x00000000e5900000|100%| S|CS|TAMS 0x00000000e5800000, 0x00000000e5800000| Complete 
|  89|0x00000000e5900000, 0x00000000e5a00000, 0x00000000e5a00000|100%| S|CS|TAMS 0x00000000e5900000, 0x00000000e5900000| Complete 
|  90|0x00000000e5a00000, 0x00000000e5b00000, 0x00000000e5b00000|100%| S|CS|TAMS 0x00000000e5a00000, 0x00000000e5a00000| Complete 
|  91|0x00000000e5b00000, 0x00000000e5c00000, 0x00000000e5c00000|100%| S|CS|TAMS 0x00000000e5b00000, 0x00000000e5b00000| Complete 
|  92|0x00000000e5c00000, 0x00000000e5d00000, 0x00000000e5d00000|100%| S|CS|TAMS 0x00000000e5c00000, 0x00000000e5c00000| Complete 
|  93|0x00000000e5d00000, 0x00000000e5e00000, 0x00000000e5e00000|100%| S|CS|TAMS 0x00000000e5d00000, 0x00000000e5d00000| Complete 
|  94|0x00000000e5e00000, 0x00000000e5f00000, 0x00000000e5f00000|100%| S|CS|TAMS 0x00000000e5e00000, 0x00000000e5e00000| Complete 
|  95|0x00000000e5f00000, 0x00000000e6000000, 0x00000000e6000000|100%| S|CS|TAMS 0x00000000e5f00000, 0x00000000e5f00000| Complete 
|  96|0x00000000e6000000, 0x00000000e6100000, 0x00000000e6100000|100%| S|CS|TAMS 0x00000000e6000000, 0x00000000e6000000| Complete 
|  97|0x00000000e6100000, 0x00000000e6200000, 0x00000000e6200000|100%| S|CS|TAMS 0x00000000e6100000, 0x00000000e6100000| Complete 
|  98|0x00000000e6200000, 0x00000000e6300000, 0x00000000e6300000|100%| S|CS|TAMS 0x00000000e6200000, 0x00000000e6200000| Complete 
|  99|0x00000000e6300000, 0x00000000e6400000, 0x00000000e6400000|100%| S|CS|TAMS 0x00000000e6300000, 0x00000000e6300000| Complete 
| 100|0x00000000e6400000, 0x00000000e6500000, 0x00000000e6500000|100%| S|CS|TAMS 0x00000000e6400000, 0x00000000e6400000| Complete 
| 101|0x00000000e6500000, 0x00000000e6600000, 0x00000000e6600000|100%| S|CS|TAMS 0x00000000e6500000, 0x00000000e6500000| Complete 
| 102|0x00000000e6600000, 0x00000000e6700000, 0x00000000e6700000|100%| S|CS|TAMS 0x00000000e6600000, 0x00000000e6600000| Complete 
| 103|0x00000000e6700000, 0x00000000e6700000, 0x00000000e6800000|  0%| F|  |TAMS 0x00000000e6700000, 0x00000000e6700000| Untracked 
| 104|0x00000000e6800000, 0x00000000e6800000, 0x00000000e6900000|  0%| F|  |TAMS 0x00000000e6800000, 0x00000000e6800000| Untracked 
| 105|0x00000000e6900000, 0x00000000e6900000, 0x00000000e6a00000|  0%| F|  |TAMS 0x00000000e6900000, 0x00000000e6900000| Untracked 
| 106|0x00000000e6a00000, 0x00000000e6a00000, 0x00000000e6b00000|  0%| F|  |TAMS 0x00000000e6a00000, 0x00000000e6a00000| Untracked 
| 107|0x00000000e6b00000, 0x00000000e6b00000, 0x00000000e6c00000|  0%| F|  |TAMS 0x00000000e6b00000, 0x00000000e6b00000| Untracked 
| 108|0x00000000e6c00000, 0x00000000e6c00000, 0x00000000e6d00000|  0%| F|  |TAMS 0x00000000e6c00000, 0x00000000e6c00000| Untracked 
| 109|0x00000000e6d00000, 0x00000000e6d00000, 0x00000000e6e00000|  0%| F|  |TAMS 0x00000000e6d00000, 0x00000000e6d00000| Untracked 
| 110|0x00000000e6e00000, 0x00000000e6e00000, 0x00000000e6f00000|  0%| F|  |TAMS 0x00000000e6e00000, 0x00000000e6e00000| Untracked 
| 111|0x00000000e6f00000, 0x00000000e6f00000, 0x00000000e7000000|  0%| F|  |TAMS 0x00000000e6f00000, 0x00000000e6f00000| Untracked 
| 112|0x00000000e7000000, 0x00000000e7000000, 0x00000000e7100000|  0%| F|  |TAMS 0x00000000e7000000, 0x00000000e7000000| Untracked 
| 113|0x00000000e7100000, 0x00000000e7100000, 0x00000000e7200000|  0%| F|  |TAMS 0x00000000e7100000, 0x00000000e7100000| Untracked 
| 114|0x00000000e7200000, 0x00000000e7200000, 0x00000000e7300000|  0%| F|  |TAMS 0x00000000e7200000, 0x00000000e7200000| Untracked 
| 115|0x00000000e7300000, 0x00000000e7300000, 0x00000000e7400000|  0%| F|  |TAMS 0x00000000e7300000, 0x00000000e7300000| Untracked 
| 116|0x00000000e7400000, 0x00000000e7400000, 0x00000000e7500000|  0%| F|  |TAMS 0x00000000e7400000, 0x00000000e7400000| Untracked 
| 117|0x00000000e7500000, 0x00000000e7500000, 0x00000000e7600000|  0%| F|  |TAMS 0x00000000e7500000, 0x00000000e7500000| Untracked 
| 118|0x00000000e7600000, 0x00000000e7600000, 0x00000000e7700000|  0%| F|  |TAMS 0x00000000e7600000, 0x00000000e7600000| Untracked 
| 119|0x00000000e7700000, 0x00000000e7700000, 0x00000000e7800000|  0%| F|  |TAMS 0x00000000e7700000, 0x00000000e7700000| Untracked 
| 120|0x00000000e7800000, 0x00000000e7800000, 0x00000000e7900000|  0%| F|  |TAMS 0x00000000e7800000, 0x00000000e7800000| Untracked 
| 121|0x00000000e7900000, 0x00000000e7900000, 0x00000000e7a00000|  0%| F|  |TAMS 0x00000000e7900000, 0x00000000e7900000| Untracked 
| 122|0x00000000e7a00000, 0x00000000e7a00000, 0x00000000e7b00000|  0%| F|  |TAMS 0x00000000e7a00000, 0x00000000e7a00000| Untracked 
| 123|0x00000000e7b00000, 0x00000000e7b00000, 0x00000000e7c00000|  0%| F|  |TAMS 0x00000000e7b00000, 0x00000000e7b00000| Untracked 
| 124|0x00000000e7c00000, 0x00000000e7c00000, 0x00000000e7d00000|  0%| F|  |TAMS 0x00000000e7c00000, 0x00000000e7c00000| Untracked 
| 125|0x00000000e7d00000, 0x00000000e7d00000, 0x00000000e7e00000|  0%| F|  |TAMS 0x00000000e7d00000, 0x00000000e7d00000| Untracked 
| 126|0x00000000e7e00000, 0x00000000e7e00000, 0x00000000e7f00000|  0%| F|  |TAMS 0x00000000e7e00000, 0x00000000e7e00000| Untracked 
| 127|0x00000000e7f00000, 0x00000000e7f00000, 0x00000000e8000000|  0%| F|  |TAMS 0x00000000e7f00000, 0x00000000e7f00000| Untracked 
| 128|0x00000000e8000000, 0x00000000e8000000, 0x00000000e8100000|  0%| F|  |TAMS 0x00000000e8000000, 0x00000000e8000000| Untracked 
| 129|0x00000000e8100000, 0x00000000e8100000, 0x00000000e8200000|  0%| F|  |TAMS 0x00000000e8100000, 0x00000000e8100000| Untracked 
| 130|0x00000000e8200000, 0x00000000e8200000, 0x00000000e8300000|  0%| F|  |TAMS 0x00000000e8200000, 0x00000000e8200000| Untracked 
| 131|0x00000000e8300000, 0x00000000e8300000, 0x00000000e8400000|  0%| F|  |TAMS 0x00000000e8300000, 0x00000000e8300000| Untracked 
| 132|0x00000000e8400000, 0x00000000e8400000, 0x00000000e8500000|  0%| F|  |TAMS 0x00000000e8400000, 0x00000000e8400000| Untracked 
| 133|0x00000000e8500000, 0x00000000e8500000, 0x00000000e8600000|  0%| F|  |TAMS 0x00000000e8500000, 0x00000000e8500000| Untracked 
| 134|0x00000000e8600000, 0x00000000e8600000, 0x00000000e8700000|  0%| F|  |TAMS 0x00000000e8600000, 0x00000000e8600000| Untracked 
| 135|0x00000000e8700000, 0x00000000e8700000, 0x00000000e8800000|  0%| F|  |TAMS 0x00000000e8700000, 0x00000000e8700000| Untracked 
| 136|0x00000000e8800000, 0x00000000e8800000, 0x00000000e8900000|  0%| F|  |TAMS 0x00000000e8800000, 0x00000000e8800000| Untracked 
| 137|0x00000000e8900000, 0x00000000e8900000, 0x00000000e8a00000|  0%| F|  |TAMS 0x00000000e8900000, 0x00000000e8900000| Untracked 
| 138|0x00000000e8a00000, 0x00000000e8a00000, 0x00000000e8b00000|  0%| F|  |TAMS 0x00000000e8a00000, 0x00000000e8a00000| Untracked 
| 139|0x00000000e8b00000, 0x00000000e8b00000, 0x00000000e8c00000|  0%| F|  |TAMS 0x00000000e8b00000, 0x00000000e8b00000| Untracked 
| 140|0x00000000e8c00000, 0x00000000e8c00000, 0x00000000e8d00000|  0%| F|  |TAMS 0x00000000e8c00000, 0x00000000e8c00000| Untracked 
| 141|0x00000000e8d00000, 0x00000000e8d00000, 0x00000000e8e00000|  0%| F|  |TAMS 0x00000000e8d00000, 0x00000000e8d00000| Untracked 
| 142|0x00000000e8e00000, 0x00000000e8e00000, 0x00000000e8f00000|  0%| F|  |TAMS 0x00000000e8e00000, 0x00000000e8e00000| Untracked 
| 143|0x00000000e8f00000, 0x00000000e8f00000, 0x00000000e9000000|  0%| F|  |TAMS 0x00000000e8f00000, 0x00000000e8f00000| Untracked 
| 144|0x00000000e9000000, 0x00000000e9000000, 0x00000000e9100000|  0%| F|  |TAMS 0x00000000e9000000, 0x00000000e9000000| Untracked 
| 145|0x00000000e9100000, 0x00000000e9100000, 0x00000000e9200000|  0%| F|  |TAMS 0x00000000e9100000, 0x00000000e9100000| Untracked 
| 146|0x00000000e9200000, 0x00000000e9200000, 0x00000000e9300000|  0%| F|  |TAMS 0x00000000e9200000, 0x00000000e9200000| Untracked 
| 147|0x00000000e9300000, 0x00000000e9300000, 0x00000000e9400000|  0%| F|  |TAMS 0x00000000e9300000, 0x00000000e9300000| Untracked 
| 148|0x00000000e9400000, 0x00000000e9400000, 0x00000000e9500000|  0%| F|  |TAMS 0x00000000e9400000, 0x00000000e9400000| Untracked 
| 149|0x00000000e9500000, 0x00000000e9500000, 0x00000000e9600000|  0%| F|  |TAMS 0x00000000e9500000, 0x00000000e9500000| Untracked 
| 150|0x00000000e9600000, 0x00000000e9600000, 0x00000000e9700000|  0%| F|  |TAMS 0x00000000e9600000, 0x00000000e9600000| Untracked 
| 151|0x00000000e9700000, 0x00000000e9700000, 0x00000000e9800000|  0%| F|  |TAMS 0x00000000e9700000, 0x00000000e9700000| Untracked 
| 152|0x00000000e9800000, 0x00000000e9800000, 0x00000000e9900000|  0%| F|  |TAMS 0x00000000e9800000, 0x00000000e9800000| Untracked 
| 153|0x00000000e9900000, 0x00000000e9900000, 0x00000000e9a00000|  0%| F|  |TAMS 0x00000000e9900000, 0x00000000e9900000| Untracked 
| 154|0x00000000e9a00000, 0x00000000e9a00000, 0x00000000e9b00000|  0%| F|  |TAMS 0x00000000e9a00000, 0x00000000e9a00000| Untracked 
| 155|0x00000000e9b00000, 0x00000000e9b00000, 0x00000000e9c00000|  0%| F|  |TAMS 0x00000000e9b00000, 0x00000000e9b00000| Untracked 
| 156|0x00000000e9c00000, 0x00000000e9c00000, 0x00000000e9d00000|  0%| F|  |TAMS 0x00000000e9c00000, 0x00000000e9c00000| Untracked 
| 157|0x00000000e9d00000, 0x00000000e9d00000, 0x00000000e9e00000|  0%| F|  |TAMS 0x00000000e9d00000, 0x00000000e9d00000| Untracked 
| 158|0x00000000e9e00000, 0x00000000e9e00000, 0x00000000e9f00000|  0%| F|  |TAMS 0x00000000e9e00000, 0x00000000e9e00000| Untracked 
| 159|0x00000000e9f00000, 0x00000000e9f00000, 0x00000000ea000000|  0%| F|  |TAMS 0x00000000e9f00000, 0x00000000e9f00000| Untracked 
| 160|0x00000000ea000000, 0x00000000ea000000, 0x00000000ea100000|  0%| F|  |TAMS 0x00000000ea000000, 0x00000000ea000000| Untracked 
| 161|0x00000000ea100000, 0x00000000ea100000, 0x00000000ea200000|  0%| F|  |TAMS 0x00000000ea100000, 0x00000000ea100000| Untracked 
| 162|0x00000000ea200000, 0x00000000ea200000, 0x00000000ea300000|  0%| F|  |TAMS 0x00000000ea200000, 0x00000000ea200000| Untracked 
| 163|0x00000000ea300000, 0x00000000ea300000, 0x00000000ea400000|  0%| F|  |TAMS 0x00000000ea300000, 0x00000000ea300000| Untracked 
| 164|0x00000000ea400000, 0x00000000ea400000, 0x00000000ea500000|  0%| F|  |TAMS 0x00000000ea400000, 0x00000000ea400000| Untracked 
| 165|0x00000000ea500000, 0x00000000ea500000, 0x00000000ea600000|  0%| F|  |TAMS 0x00000000ea500000, 0x00000000ea500000| Untracked 
| 166|0x00000000ea600000, 0x00000000ea600000, 0x00000000ea700000|  0%| F|  |TAMS 0x00000000ea600000, 0x00000000ea600000| Untracked 
| 167|0x00000000ea700000, 0x00000000ea700000, 0x00000000ea800000|  0%| F|  |TAMS 0x00000000ea700000, 0x00000000ea700000| Untracked 
| 168|0x00000000ea800000, 0x00000000ea800000, 0x00000000ea900000|  0%| F|  |TAMS 0x00000000ea800000, 0x00000000ea800000| Untracked 
| 169|0x00000000ea900000, 0x00000000ea900000, 0x00000000eaa00000|  0%| F|  |TAMS 0x00000000ea900000, 0x00000000ea900000| Untracked 
| 170|0x00000000eaa00000, 0x00000000eaa00000, 0x00000000eab00000|  0%| F|  |TAMS 0x00000000eaa00000, 0x00000000eaa00000| Untracked 
| 171|0x00000000eab00000, 0x00000000eab00000, 0x00000000eac00000|  0%| F|  |TAMS 0x00000000eab00000, 0x00000000eab00000| Untracked 
| 172|0x00000000eac00000, 0x00000000eac00000, 0x00000000ead00000|  0%| F|  |TAMS 0x00000000eac00000, 0x00000000eac00000| Untracked 
| 173|0x00000000ead00000, 0x00000000ead00000, 0x00000000eae00000|  0%| F|  |TAMS 0x00000000ead00000, 0x00000000ead00000| Untracked 
| 174|0x00000000eae00000, 0x00000000eae00000, 0x00000000eaf00000|  0%| F|  |TAMS 0x00000000eae00000, 0x00000000eae00000| Untracked 
| 175|0x00000000eaf00000, 0x00000000eaf00000, 0x00000000eb000000|  0%| F|  |TAMS 0x00000000eaf00000, 0x00000000eaf00000| Untracked 
| 176|0x00000000eb000000, 0x00000000eb000000, 0x00000000eb100000|  0%| F|  |TAMS 0x00000000eb000000, 0x00000000eb000000| Untracked 
| 177|0x00000000eb100000, 0x00000000eb100000, 0x00000000eb200000|  0%| F|  |TAMS 0x00000000eb100000, 0x00000000eb100000| Untracked 
| 178|0x00000000eb200000, 0x00000000eb200000, 0x00000000eb300000|  0%| F|  |TAMS 0x00000000eb200000, 0x00000000eb200000| Untracked 
| 179|0x00000000eb300000, 0x00000000eb300000, 0x00000000eb400000|  0%| F|  |TAMS 0x00000000eb300000, 0x00000000eb300000| Untracked 
| 180|0x00000000eb400000, 0x00000000eb400000, 0x00000000eb500000|  0%| F|  |TAMS 0x00000000eb400000, 0x00000000eb400000| Untracked 
| 181|0x00000000eb500000, 0x00000000eb500000, 0x00000000eb600000|  0%| F|  |TAMS 0x00000000eb500000, 0x00000000eb500000| Untracked 
| 182|0x00000000eb600000, 0x00000000eb600000, 0x00000000eb700000|  0%| F|  |TAMS 0x00000000eb600000, 0x00000000eb600000| Untracked 
| 183|0x00000000eb700000, 0x00000000eb700000, 0x00000000eb800000|  0%| F|  |TAMS 0x00000000eb700000, 0x00000000eb700000| Untracked 
| 184|0x00000000eb800000, 0x00000000eb800000, 0x00000000eb900000|  0%| F|  |TAMS 0x00000000eb800000, 0x00000000eb800000| Untracked 
| 185|0x00000000eb900000, 0x00000000eb900000, 0x00000000eba00000|  0%| F|  |TAMS 0x00000000eb900000, 0x00000000eb900000| Untracked 
| 186|0x00000000eba00000, 0x00000000eba00000, 0x00000000ebb00000|  0%| F|  |TAMS 0x00000000eba00000, 0x00000000eba00000| Untracked 
| 187|0x00000000ebb00000, 0x00000000ebb00000, 0x00000000ebc00000|  0%| F|  |TAMS 0x00000000ebb00000, 0x00000000ebb00000| Untracked 
| 188|0x00000000ebc00000, 0x00000000ebc00000, 0x00000000ebd00000|  0%| F|  |TAMS 0x00000000ebc00000, 0x00000000ebc00000| Untracked 
| 189|0x00000000ebd00000, 0x00000000ebd00000, 0x00000000ebe00000|  0%| F|  |TAMS 0x00000000ebd00000, 0x00000000ebd00000| Untracked 
| 190|0x00000000ebe00000, 0x00000000ebe00000, 0x00000000ebf00000|  0%| F|  |TAMS 0x00000000ebe00000, 0x00000000ebe00000| Untracked 
| 191|0x00000000ebf00000, 0x00000000ebf00000, 0x00000000ec000000|  0%| F|  |TAMS 0x00000000ebf00000, 0x00000000ebf00000| Untracked 
| 192|0x00000000ec000000, 0x00000000ec000000, 0x00000000ec100000|  0%| F|  |TAMS 0x00000000ec000000, 0x00000000ec000000| Untracked 
| 193|0x00000000ec100000, 0x00000000ec100000, 0x00000000ec200000|  0%| F|  |TAMS 0x00000000ec100000, 0x00000000ec100000| Untracked 
| 194|0x00000000ec200000, 0x00000000ec200000, 0x00000000ec300000|  0%| F|  |TAMS 0x00000000ec200000, 0x00000000ec200000| Untracked 
| 195|0x00000000ec300000, 0x00000000ec300000, 0x00000000ec400000|  0%| F|  |TAMS 0x00000000ec300000, 0x00000000ec300000| Untracked 
| 196|0x00000000ec400000, 0x00000000ec400000, 0x00000000ec500000|  0%| F|  |TAMS 0x00000000ec400000, 0x00000000ec400000| Untracked 
| 197|0x00000000ec500000, 0x00000000ec500000, 0x00000000ec600000|  0%| F|  |TAMS 0x00000000ec500000, 0x00000000ec500000| Untracked 
| 198|0x00000000ec600000, 0x00000000ec600000, 0x00000000ec700000|  0%| F|  |TAMS 0x00000000ec600000, 0x00000000ec600000| Untracked 
| 199|0x00000000ec700000, 0x00000000ec700000, 0x00000000ec800000|  0%| F|  |TAMS 0x00000000ec700000, 0x00000000ec700000| Untracked 
| 200|0x00000000ec800000, 0x00000000ec800000, 0x00000000ec900000|  0%| F|  |TAMS 0x00000000ec800000, 0x00000000ec800000| Untracked 
| 201|0x00000000ec900000, 0x00000000ec900000, 0x00000000eca00000|  0%| F|  |TAMS 0x00000000ec900000, 0x00000000ec900000| Untracked 
| 202|0x00000000eca00000, 0x00000000eca00000, 0x00000000ecb00000|  0%| F|  |TAMS 0x00000000eca00000, 0x00000000eca00000| Untracked 
| 203|0x00000000ecb00000, 0x00000000ecb00000, 0x00000000ecc00000|  0%| F|  |TAMS 0x00000000ecb00000, 0x00000000ecb00000| Untracked 
| 204|0x00000000ecc00000, 0x00000000ecc00000, 0x00000000ecd00000|  0%| F|  |TAMS 0x00000000ecc00000, 0x00000000ecc00000| Untracked 
| 205|0x00000000ecd00000, 0x00000000ecd00000, 0x00000000ece00000|  0%| F|  |TAMS 0x00000000ecd00000, 0x00000000ecd00000| Untracked 
| 206|0x00000000ece00000, 0x00000000ece00000, 0x00000000ecf00000|  0%| F|  |TAMS 0x00000000ece00000, 0x00000000ece00000| Untracked 
| 207|0x00000000ecf00000, 0x00000000ecf00000, 0x00000000ed000000|  0%| F|  |TAMS 0x00000000ecf00000, 0x00000000ecf00000| Untracked 
| 208|0x00000000ed000000, 0x00000000ed000000, 0x00000000ed100000|  0%| F|  |TAMS 0x00000000ed000000, 0x00000000ed000000| Untracked 
| 209|0x00000000ed100000, 0x00000000ed100000, 0x00000000ed200000|  0%| F|  |TAMS 0x00000000ed100000, 0x00000000ed100000| Untracked 
| 210|0x00000000ed200000, 0x00000000ed200000, 0x00000000ed300000|  0%| F|  |TAMS 0x00000000ed200000, 0x00000000ed200000| Untracked 
| 211|0x00000000ed300000, 0x00000000ed300000, 0x00000000ed400000|  0%| F|  |TAMS 0x00000000ed300000, 0x00000000ed300000| Untracked 
| 212|0x00000000ed400000, 0x00000000ed400000, 0x00000000ed500000|  0%| F|  |TAMS 0x00000000ed400000, 0x00000000ed400000| Untracked 
| 213|0x00000000ed500000, 0x00000000ed500000, 0x00000000ed600000|  0%| F|  |TAMS 0x00000000ed500000, 0x00000000ed500000| Untracked 
| 214|0x00000000ed600000, 0x00000000ed600000, 0x00000000ed700000|  0%| F|  |TAMS 0x00000000ed600000, 0x00000000ed600000| Untracked 
| 215|0x00000000ed700000, 0x00000000ed700000, 0x00000000ed800000|  0%| F|  |TAMS 0x00000000ed700000, 0x00000000ed700000| Untracked 
| 216|0x00000000ed800000, 0x00000000ed800000, 0x00000000ed900000|  0%| F|  |TAMS 0x00000000ed800000, 0x00000000ed800000| Untracked 
| 217|0x00000000ed900000, 0x00000000ed900000, 0x00000000eda00000|  0%| F|  |TAMS 0x00000000ed900000, 0x00000000ed900000| Untracked 
| 218|0x00000000eda00000, 0x00000000eda00000, 0x00000000edb00000|  0%| F|  |TAMS 0x00000000eda00000, 0x00000000eda00000| Untracked 
| 219|0x00000000edb00000, 0x00000000edb00000, 0x00000000edc00000|  0%| F|  |TAMS 0x00000000edb00000, 0x00000000edb00000| Untracked 
| 220|0x00000000edc00000, 0x00000000edc00000, 0x00000000edd00000|  0%| F|  |TAMS 0x00000000edc00000, 0x00000000edc00000| Untracked 
| 221|0x00000000edd00000, 0x00000000edd00000, 0x00000000ede00000|  0%| F|  |TAMS 0x00000000edd00000, 0x00000000edd00000| Untracked 
| 222|0x00000000ede00000, 0x00000000ede00000, 0x00000000edf00000|  0%| F|  |TAMS 0x00000000ede00000, 0x00000000ede00000| Untracked 
| 223|0x00000000edf00000, 0x00000000edf00000, 0x00000000ee000000|  0%| F|  |TAMS 0x00000000edf00000, 0x00000000edf00000| Untracked 
| 224|0x00000000ee000000, 0x00000000ee000000, 0x00000000ee100000|  0%| F|  |TAMS 0x00000000ee000000, 0x00000000ee000000| Untracked 
| 225|0x00000000ee100000, 0x00000000ee100000, 0x00000000ee200000|  0%| F|  |TAMS 0x00000000ee100000, 0x00000000ee100000| Untracked 
| 226|0x00000000ee200000, 0x00000000ee200000, 0x00000000ee300000|  0%| F|  |TAMS 0x00000000ee200000, 0x00000000ee200000| Untracked 
| 227|0x00000000ee300000, 0x00000000ee300000, 0x00000000ee400000|  0%| F|  |TAMS 0x00000000ee300000, 0x00000000ee300000| Untracked 
| 228|0x00000000ee400000, 0x00000000ee400000, 0x00000000ee500000|  0%| F|  |TAMS 0x00000000ee400000, 0x00000000ee400000| Untracked 
| 229|0x00000000ee500000, 0x00000000ee500000, 0x00000000ee600000|  0%| F|  |TAMS 0x00000000ee500000, 0x00000000ee500000| Untracked 
| 230|0x00000000ee600000, 0x00000000ee600000, 0x00000000ee700000|  0%| F|  |TAMS 0x00000000ee600000, 0x00000000ee600000| Untracked 
| 231|0x00000000ee700000, 0x00000000ee700000, 0x00000000ee800000|  0%| F|  |TAMS 0x00000000ee700000, 0x00000000ee700000| Untracked 
| 232|0x00000000ee800000, 0x00000000ee8b0c58, 0x00000000ee900000| 69%| E|  |TAMS 0x00000000ee800000, 0x00000000ee800000| Complete 
| 233|0x00000000ee900000, 0x00000000eea00000, 0x00000000eea00000|100%| E|  |TAMS 0x00000000ee900000, 0x00000000ee900000| Complete 
| 234|0x00000000eea00000, 0x00000000eeb00000, 0x00000000eeb00000|100%| E|CS|TAMS 0x00000000eea00000, 0x00000000eea00000| Complete 
| 235|0x00000000eeb00000, 0x00000000eec00000, 0x00000000eec00000|100%| E|CS|TAMS 0x00000000eeb00000, 0x00000000eeb00000| Complete 
| 236|0x00000000eec00000, 0x00000000eed00000, 0x00000000eed00000|100%| E|CS|TAMS 0x00000000eec00000, 0x00000000eec00000| Complete 
| 237|0x00000000eed00000, 0x00000000eee00000, 0x00000000eee00000|100%| E|CS|TAMS 0x00000000eed00000, 0x00000000eed00000| Complete 
| 238|0x00000000eee00000, 0x00000000eef00000, 0x00000000eef00000|100%| E|CS|TAMS 0x00000000eee00000, 0x00000000eee00000| Complete 
| 239|0x00000000eef00000, 0x00000000ef000000, 0x00000000ef000000|100%| E|CS|TAMS 0x00000000eef00000, 0x00000000eef00000| Complete 
| 240|0x00000000ef000000, 0x00000000ef100000, 0x00000000ef100000|100%| E|CS|TAMS 0x00000000ef000000, 0x00000000ef000000| Complete 
| 241|0x00000000ef100000, 0x00000000ef200000, 0x00000000ef200000|100%| E|CS|TAMS 0x00000000ef100000, 0x00000000ef100000| Complete 
| 242|0x00000000ef200000, 0x00000000ef300000, 0x00000000ef300000|100%| E|CS|TAMS 0x00000000ef200000, 0x00000000ef200000| Complete 
| 243|0x00000000ef300000, 0x00000000ef400000, 0x00000000ef400000|100%| E|CS|TAMS 0x00000000ef300000, 0x00000000ef300000| Complete 
| 244|0x00000000ef400000, 0x00000000ef500000, 0x00000000ef500000|100%| E|CS|TAMS 0x00000000ef400000, 0x00000000ef400000| Complete 
| 245|0x00000000ef500000, 0x00000000ef600000, 0x00000000ef600000|100%| E|CS|TAMS 0x00000000ef500000, 0x00000000ef500000| Complete 
| 246|0x00000000ef600000, 0x00000000ef700000, 0x00000000ef700000|100%| E|CS|TAMS 0x00000000ef600000, 0x00000000ef600000| Complete 
| 247|0x00000000ef700000, 0x00000000ef800000, 0x00000000ef800000|100%| E|CS|TAMS 0x00000000ef700000, 0x00000000ef700000| Complete 
| 248|0x00000000ef800000, 0x00000000ef900000, 0x00000000ef900000|100%| E|CS|TAMS 0x00000000ef800000, 0x00000000ef800000| Complete 
| 249|0x00000000ef900000, 0x00000000efa00000, 0x00000000efa00000|100%| E|CS|TAMS 0x00000000ef900000, 0x00000000ef900000| Complete 
| 250|0x00000000efa00000, 0x00000000efb00000, 0x00000000efb00000|100%| E|CS|TAMS 0x00000000efa00000, 0x00000000efa00000| Complete 
| 251|0x00000000efb00000, 0x00000000efc00000, 0x00000000efc00000|100%| E|CS|TAMS 0x00000000efb00000, 0x00000000efb00000| Complete 
| 252|0x00000000efc00000, 0x00000000efd00000, 0x00000000efd00000|100%| E|CS|TAMS 0x00000000efc00000, 0x00000000efc00000| Complete 
| 253|0x00000000efd00000, 0x00000000efe00000, 0x00000000efe00000|100%| E|CS|TAMS 0x00000000efd00000, 0x00000000efd00000| Complete 
| 254|0x00000000efe00000, 0x00000000eff00000, 0x00000000eff00000|100%| E|CS|TAMS 0x00000000efe00000, 0x00000000efe00000| Complete 
| 255|0x00000000eff00000, 0x00000000f0000000, 0x00000000f0000000|100%| E|CS|TAMS 0x00000000eff00000, 0x00000000eff00000| Complete 

Card table byte_map: [0x000001c41d930000,0x000001c41da30000] _byte_map_base: 0x000001c41d230000

Marking Bits (Prev, Next): (CMBitMap*) 0x000001c4062da080, (CMBitMap*) 0x000001c4062da0c0
 Prev Bits: [0x000001c41db30000, 0x000001c41e330000)
 Next Bits: [0x000001c41e330000, 0x000001c41eb30000)

Polling page: 0x000001c404290000

Metaspace:

Usage:
  Non-class:     42.36 MB capacity,    41.72 MB ( 98%) used,   584.54 KB (  1%) free+waste,    75.81 KB ( <1%) overhead. 
      Class:      6.68 MB capacity,     6.39 MB ( 96%) used,   258.81 KB (  4%) free+waste,    32.00 KB ( <1%) overhead. 
       Both:     49.04 MB capacity,    48.11 MB ( 98%) used,   843.35 KB (  2%) free+waste,   107.81 KB ( <1%) overhead. 

Virtual space:
  Non-class space:       44.00 MB reserved,      42.42 MB ( 96%) committed 
      Class space:      248.00 MB reserved,       6.75 MB (  3%) committed 
             Both:      292.00 MB reserved,      49.17 MB ( 17%) committed 

Chunk freelists:
   Non-Class:  2.00 KB
       Class:  12.00 KB
        Both:  14.00 KB

MaxMetaspaceSize: 256.00 MB
CompressedClassSpaceSize: 248.00 MB

CodeHeap 'non-profiled nmethods': size=120000Kb used=2774Kb max_used=2981Kb free=117225Kb
 bounds [0x000001c415fc0000, 0x000001c4162b0000, 0x000001c41d4f0000]
CodeHeap 'profiled nmethods': size=120000Kb used=10045Kb max_used=10875Kb free=109954Kb
 bounds [0x000001c40ea90000, 0x000001c40f530000, 0x000001c415fc0000]
CodeHeap 'non-nmethods': size=5760Kb used=2336Kb max_used=2406Kb free=3424Kb
 bounds [0x000001c40e4f0000, 0x000001c40e760000, 0x000001c40ea90000]
 total_blobs=5955 nmethods=5135 adapters=732
 compilation: enabled
              stopped_count=0, restarted_count=0
 full_count=0

Compilation events (20 events):
Event: 103.048 Thread 0x000001c4215a1e70 nmethod 5927 0x000001c4160cf410 code [0x000001c4160cf600, 0x000001c4160d05d0]
Event: 103.048 Thread 0x000001c4215a1e70 5937       4       java.util.ArrayList::indexOfRange (71 bytes)
Event: 103.050 Thread 0x000001c4215a1e70 nmethod 5937 0x000001c416162c10 code [0x000001c416162da0, 0x000001c416162ed8]
Event: 103.155 Thread 0x000001c4215a1e70 5939       4       java.io.RandomAccessFile::readFully (45 bytes)
Event: 103.156 Thread 0x000001c4215a1e70 nmethod 5939 0x000001c416162890 code [0x000001c416162a20, 0x000001c416162ae8]
Event: 103.207 Thread 0x000001c4215a1e70 5940 %     4       java.util.zip.ZipFile$Source::initCEN @ 238 (805 bytes)
Event: 103.254 Thread 0x000001c4215a6cd0 5941       3       java.io.ObjectStreamField::getClassSignature (27 bytes)
Event: 103.255 Thread 0x000001c4215a6cd0 nmethod 5941 0x000001c40eaefe90 code [0x000001c40eaf00a0, 0x000001c40eaf0568]
Event: 103.256 Thread 0x000001c4215a6cd0 5943       3       java.util.stream.Collectors$CollectorImpl::<init> (13 bytes)
Event: 103.257 Thread 0x000001c4215a6cd0 nmethod 5943 0x000001c40eaef590 code [0x000001c40eaef780, 0x000001c40eaefcf8]
Event: 103.257 Thread 0x000001c4215a6cd0 5942       3       java.util.stream.Collectors::toList (26 bytes)
Event: 103.259 Thread 0x000001c4215a6cd0 nmethod 5942 0x000001c40eb0db10 code [0x000001c40eb0dd00, 0x000001c40eb0e288]
Event: 103.298 Thread 0x000001c4215a1e70 nmethod 5940% 0x000001c41618af90 code [0x000001c41618b260, 0x000001c41618e940]
Event: 103.298 Thread 0x000001c4215a1e70 5944       4       java.io.DataOutputStream::writeUTF (411 bytes)
Event: 103.321 Thread 0x000001c4215a1e70 nmethod 5944 0x000001c4160ff510 code [0x000001c4160ff6e0, 0x000001c416100b58]
Event: 103.455 Thread 0x000001c4215a1e70 5945       4       java.util.zip.ZipFile$Source::initCEN (805 bytes)
Event: 103.458 Thread 0x000001c4215a6cd0 5946       3       java.io.RandomAccessFile::<init> (262 bytes)
Event: 103.460 Thread 0x000001c4215a6cd0 nmethod 5946 0x000001c40eb0b910 code [0x000001c40eb0bcc0, 0x000001c40eb0d348]
Event: 103.518 Thread 0x000001c4215a6cd0 5948       3       java.io.RandomAccessFile::open (7 bytes)
Event: 103.518 Thread 0x000001c4215a6cd0 nmethod 5948 0x000001c40eaeef90 code [0x000001c40eaef140, 0x000001c40eaef268]

GC Heap History (10 events):
Event: 7.653 GC heap before
{Heap before GC invocations=0 (full 0):
 garbage-first heap   total 262144K, used 28672K [0x00000000e0000000, 0x0000000100000000)
  region size 1024K, 23 young (23552K), 0 survivors (0K)
 Metaspace       used 3264K, capacity 6101K, committed 6400K, reserved 262144K
  class space    used 409K, capacity 667K, committed 768K, reserved 253952K
}
Event: 7.670 GC heap after
{Heap after GC invocations=1 (full 0):
 garbage-first heap   total 262144K, used 8708K [0x00000000e0000000, 0x0000000100000000)
  region size 1024K, 3 young (3072K), 3 survivors (3072K)
 Metaspace       used 3264K, capacity 6101K, committed 6400K, reserved 262144K
  class space    used 409K, capacity 667K, committed 768K, reserved 253952K
}
Event: 10.829 GC heap before
{Heap before GC invocations=1 (full 0):
 garbage-first heap   total 262144K, used 34308K [0x00000000e0000000, 0x0000000100000000)
  region size 1024K, 28 young (28672K), 3 survivors (3072K)
 Metaspace       used 4114K, capacity 6616K, committed 6656K, reserved 262144K
  class space    used 503K, capacity 732K, committed 768K, reserved 253952K
}
Event: 10.834 GC heap after
{Heap after GC invocations=2 (full 0):
 garbage-first heap   total 262144K, used 9422K [0x00000000e0000000, 0x0000000100000000)
  region size 1024K, 1 young (1024K), 1 survivors (1024K)
 Metaspace       used 4114K, capacity 6616K, committed 6656K, reserved 262144K
  class space    used 503K, capacity 732K, committed 768K, reserved 253952K
}
Event: 20.636 GC heap before
{Heap before GC invocations=2 (full 0):
 garbage-first heap   total 262144K, used 125134K [0x00000000e0000000, 0x0000000100000000)
  region size 1024K, 115 young (117760K), 1 survivors (1024K)
 Metaspace       used 20614K, capacity 21110K, committed 21296K, reserved 272384K
  class space    used 2954K, capacity 3078K, committed 3200K, reserved 253952K
}
Event: 20.659 GC heap after
{Heap after GC invocations=3 (full 0):
 garbage-first heap   total 262144K, used 19208K [0x00000000e0000000, 0x0000000100000000)
  region size 1024K, 11 young (11264K), 11 survivors (11264K)
 Metaspace       used 20614K, capacity 21110K, committed 21296K, reserved 272384K
  class space    used 2954K, capacity 3078K, committed 3200K, reserved 253952K
}
Event: 24.968 GC heap before
{Heap before GC invocations=4 (full 0):
 garbage-first heap   total 262144K, used 106248K [0x00000000e0000000, 0x0000000100000000)
  region size 1024K, 94 young (96256K), 11 survivors (11264K)
 Metaspace       used 35195K, capacity 35814K, committed 35888K, reserved 286720K
  class space    used 4710K, capacity 4920K, committed 4992K, reserved 253952K
}
Event: 25.002 GC heap after
{Heap after GC invocations=5 (full 0):
 garbage-first heap   total 262144K, used 25653K [0x00000000e0000000, 0x0000000100000000)
  region size 1024K, 16 young (16384K), 16 survivors (16384K)
 Metaspace       used 35195K, capacity 35814K, committed 35888K, reserved 286720K
  class space    used 4710K, capacity 4920K, committed 4992K, reserved 253952K
}
Event: 36.431 GC heap before
{Heap before GC invocations=6 (full 0):
 garbage-first heap   total 262144K, used 164917K [0x00000000e0000000, 0x0000000100000000)
  region size 1024K, 153 young (156672K), 16 survivors (16384K)
 Metaspace       used 47115K, capacity 47924K, committed 48304K, reserved 296960K
  class space    used 6293K, capacity 6529K, committed 6656K, reserved 253952K
}
Event: 36.458 GC heap after
{Heap after GC invocations=7 (full 0):
 garbage-first heap   total 262144K, used 38275K [0x00000000e0000000, 0x0000000100000000)
  region size 1024K, 19 young (19456K), 19 survivors (19456K)
 Metaspace       used 47115K, capacity 47924K, committed 48304K, reserved 296960K
  class space    used 6293K, capacity 6529K, committed 6656K, reserved 253952K
}

Deoptimization events (20 events):
Event: 103.211 Thread 0x000001c42c295cb0 DEOPT PACKING pc=0x000001c40f1c1352 sp=0x00000025b98fb180
Event: 103.211 Thread 0x000001c42c295cb0 DEOPT UNPACKING pc=0x000001c40e53e23f sp=0x00000025b98fa780 mode 0
Event: 103.256 Thread 0x000001c42c295cb0 Uncommon trap: trap_request=0xffffffbe fr.pc=0x000001c416066b94 relative=0x0000000000001154
Event: 103.256 Thread 0x000001c42c295cb0 Uncommon trap: reason=profile_predicate action=maybe_recompile pc=0x000001c416066b94 method=java.io.DataOutputStream.writeUTF(Ljava/lang/String;Ljava/io/DataOutput;)I @ 190 c2
Event: 103.256 Thread 0x000001c42c295cb0 DEOPT PACKING pc=0x000001c416066b94 sp=0x00000025b98fc580
Event: 103.256 Thread 0x000001c42c295cb0 DEOPT UNPACKING pc=0x000001c40e53e42f sp=0x00000025b98fc538 mode 2
Event: 103.256 Thread 0x000001c42c295cb0 Uncommon trap: trap_request=0xffffffbe fr.pc=0x000001c416066b94 relative=0x0000000000001154
Event: 103.256 Thread 0x000001c42c295cb0 Uncommon trap: reason=profile_predicate action=maybe_recompile pc=0x000001c416066b94 method=java.io.DataOutputStream.writeUTF(Ljava/lang/String;Ljava/io/DataOutput;)I @ 190 c2
Event: 103.256 Thread 0x000001c42c295cb0 DEOPT PACKING pc=0x000001c416066b94 sp=0x00000025b98fc580
Event: 103.256 Thread 0x000001c42c295cb0 DEOPT UNPACKING pc=0x000001c40e53e42f sp=0x00000025b98fc538 mode 2
Event: 103.258 Thread 0x000001c42c295cb0 Uncommon trap: trap_request=0xffffff45 fr.pc=0x000001c41617b210 relative=0x0000000000001530
Event: 103.258 Thread 0x000001c42c295cb0 Uncommon trap: reason=unstable_if action=reinterpret pc=0x000001c41617b210 method=java.net.URLClassLoader.getAndVerifyPackage(Ljava/lang/String;Ljava/util/jar/Manifest;Ljava/net/URL;)Ljava/lang/Package; @ 62 c2
Event: 103.258 Thread 0x000001c42c295cb0 DEOPT PACKING pc=0x000001c41617b210 sp=0x00000025b98fb4d0
Event: 103.258 Thread 0x000001c42c295cb0 DEOPT UNPACKING pc=0x000001c40e53e42f sp=0x00000025b98fb4b8 mode 2
Event: 103.455 Thread 0x000001c42c295cb0 DEOPT PACKING pc=0x000001c40f1c8f54 sp=0x00000025b98fa930
Event: 103.455 Thread 0x000001c42c295cb0 DEOPT UNPACKING pc=0x000001c40e53e23f sp=0x00000025b98f9ee0 mode 0
Event: 103.478 Thread 0x000001c42c295cb0 Uncommon trap: trap_request=0xffffff76 fr.pc=0x000001c416062e40 relative=0x0000000000001a00
Event: 103.479 Thread 0x000001c42c295cb0 Uncommon trap: reason=predicate action=maybe_recompile pc=0x000001c416062e40 method=jdk.internal.loader.Resource.getBytes()[B @ 50 c2
Event: 103.479 Thread 0x000001c42c295cb0 DEOPT PACKING pc=0x000001c416062e40 sp=0x00000025b98fb070
Event: 103.479 Thread 0x000001c42c295cb0 DEOPT UNPACKING pc=0x000001c40e53e42f sp=0x00000025b98fb030 mode 2

Classes unloaded (0 events):
No events

Classes redefined (0 events):
No events

Internal exceptions (20 events):
Event: 36.426 Thread 0x000001c42c2922f0 Exception <a 'java/lang/ClassNotFoundException'{0x00000000e67bebf8}: java/io/WriterBeanInfo> (0x00000000e67bebf8) 
thrown [./open/src/hotspot/share/classfile/systemDictionary.cpp, line 295]
Event: 36.426 Thread 0x000001c42c2922f0 Exception <a 'java/lang/ClassNotFoundException'{0x00000000e67c3b90}: java/io/WriterCustomizer> (0x00000000e67c3b90) 
thrown [./open/src/hotspot/share/classfile/systemDictionary.cpp, line 295]
Event: 36.427 Thread 0x000001c42c2922f0 Exception <a 'java/lang/ClassNotFoundException'{0x00000000e67d19f8}: java/io/PrintWriterCustomizer> (0x00000000e67d19f8) 
thrown [./open/src/hotspot/share/classfile/systemDictionary.cpp, line 295]
Event: 36.523 Thread 0x000001c42c2922f0 Exception <a 'java/lang/IncompatibleClassChangeError'{0x00000000efe88be8}: Found class java.lang.Object, but interface was expected> (0x00000000efe88be8) 
thrown [./open/src/hotspot/share/interpreter/linkResolver.cpp, line 848]
Event: 36.576 Thread 0x000001c42c2922f0 Exception <a 'java/lang/ClassNotFoundException'{0x00000000efcfba60}: SimpleTemplateScript2BeanInfo> (0x00000000efcfba60) 
thrown [./open/src/hotspot/share/classfile/systemDictionary.cpp, line 295]
Event: 36.577 Thread 0x000001c42c2922f0 Exception <a 'java/lang/ClassNotFoundException'{0x00000000efb06988}: SimpleTemplateScript2Customizer> (0x00000000efb06988) 
thrown [./open/src/hotspot/share/classfile/systemDictionary.cpp, line 295]
Event: 36.648 Thread 0x000001c42c296b20 Exception <a 'java/lang/NoSuchMethodError'{0x00000000efbd9dc0}: 'int java.lang.invoke.DirectMethodHandle$Holder.invokeVirtual(java.lang.Object, java.lang.Object)'> (0x00000000efbd9dc0) 
thrown [./open/src/hotspot/share/interpreter/linkResolver.cpp, line 782]
Event: 36.795 Thread 0x000001c4221c9aa0 Exception <a 'java/lang/NoSuchMethodError'{0x00000000eff07fc8}: static Lorg/gradle/internal/build/event/types/DefaultTaskFinishedProgressEvent;.<clinit>()V> (0x00000000eff07fc8) 
thrown [./open/src/hotspot/share/prims/jni.cpp, line 1204]
Event: 36.798 Thread 0x000001c4221c9aa0 Exception <a 'java/lang/NoSuchMethodError'{0x00000000ef82d250}: static Lorg/gradle/internal/build/event/types/DefaultTaskSuccessResult;.<clinit>()V> (0x00000000ef82d250) 
thrown [./open/src/hotspot/share/prims/jni.cpp, line 1204]
Event: 36.798 Thread 0x000001c4221c9aa0 Exception <a 'java/lang/NoSuchMethodError'{0x00000000ef82e578}: static Lorg/gradle/internal/build/event/types/AbstractTaskResult;.<clinit>()V> (0x00000000ef82e578) 
thrown [./open/src/hotspot/share/prims/jni.cpp, line 1204]
Event: 36.798 Thread 0x000001c4221c9aa0 Exception <a 'java/lang/NoSuchMethodError'{0x00000000ef82fb58}: static Lorg/gradle/internal/build/event/types/AbstractResult;.<clinit>()V> (0x00000000ef82fb58) 
thrown [./open/src/hotspot/share/prims/jni.cpp, line 1204]
Event: 36.801 Thread 0x000001c4221c9aa0 Exception <a 'java/lang/NoSuchMethodError'{0x00000000ef84b348}: static [Ljava/lang/Object;.<clinit>()V> (0x00000000ef84b348) 
thrown [./open/src/hotspot/share/prims/jni.cpp, line 1204]
Event: 98.116 Thread 0x000001c42c298800 Exception <a 'java/lang/NoSuchMethodError'{0x00000000eee2caa8}: static Lorg/gradle/tooling/internal/provider/ClientProvidedPhasedAction;.<clinit>()V> (0x00000000eee2caa8) 
thrown [./open/src/hotspot/share/prims/jni.cpp, line 1204]
Event: 98.135 Thread 0x000001c42c298800 Exception <a 'java/lang/NoSuchMethodError'{0x00000000eee37c90}: static Lorg/gradle/tooling/internal/provider/serialization/SerializedPayload;.<clinit>()V> (0x00000000eee37c90) 
thrown [./open/src/hotspot/share/prims/jni.cpp, line 1204]
Event: 98.166 Thread 0x000001c42c298800 Exception <a 'java/lang/NoSuchMethodError'{0x00000000eee50aa0}: static Lorg/gradle/tooling/internal/provider/serialization/ClassLoaderDetails;.<clinit>()V> (0x00000000eee50aa0) 
thrown [./open/src/hotspot/share/prims/jni.cpp, line 1204]
Event: 98.170 Thread 0x000001c42c298800 Exception <a 'java/lang/NoSuchMethodError'{0x00000000eee591f0}: static Lorg/gradle/internal/classloader/ClassLoaderSpec;.<clinit>()V> (0x00000000eee591f0) 
thrown [./open/src/hotspot/share/prims/jni.cpp, line 1204]
Event: 98.172 Thread 0x000001c42c298800 Exception <a 'java/lang/NoSuchMethodError'{0x00000000eee62598}: static Lorg/gradle/tooling/internal/provider/serialization/WellKnownClassLoaderRegistry$KnownClassLoaderSpec;.<clinit>()V> (0x00000000eee62598) 
thrown [./open/src/hotspot/share/prims/jni.cpp, line 1204]
Event: 98.188 Thread 0x000001c42c298800 Exception <a 'java/lang/NoSuchMethodError'{0x00000000eee77800}: static Lorg/gradle/tooling/internal/provider/serialization/ClientOwnedClassLoaderSpec;.<clinit>()V> (0x00000000eee77800) 
thrown [./open/src/hotspot/share/prims/jni.cpp, line 1204]
Event: 103.256 Thread 0x000001c42c295cb0 Exception <a 'java/lang/NoSuchMethodError'{0x00000000ee977538}: static Lorg/gradle/tooling/internal/consumer/connection/InternalPhasedActionAdapter;.<clinit>()V> (0x00000000ee977538) 
thrown [./open/src/hotspot/share/prims/jni.cpp, line 1204]
Event: 103.289 Thread 0x000001c42c295cb0 Exception <a 'java/lang/NoSuchMethodError'{0x00000000ee9a6270}: static Lorg/gradle/tooling/internal/consumer/connection/InternalBuildActionAdapter;.<clinit>()V> (0x00000000ee9a6270) 
thrown [./open/src/hotspot/share/prims/jni.cpp, line 1204]

Events (20 events):
Event: 99.555 Thread 0x000001c42c296650 Thread added: 0x000001c42c296650
Event: 99.574 Thread 0x000001c42c296ff0 Thread added: 0x000001c42c296ff0
Event: 99.604 Thread 0x000001c42c292c90 Thread added: 0x000001c42c292c90
Event: 99.632 Thread 0x000001c42c2974c0 Thread added: 0x000001c42c2974c0
Event: 99.656 Thread 0x000001c42c296180 Thread added: 0x000001c42c296180
Event: 99.687 Thread 0x000001c42c297990 Thread added: 0x000001c42c297990
Event: 99.751 Thread 0x000001c42c298cd0 Thread added: 0x000001c42c298cd0
Event: 99.773 Thread 0x000001c42c291950 Thread added: 0x000001c42c291950
Event: 99.800 Thread 0x000001c42c2927c0 Thread added: 0x000001c42c2927c0
Event: 99.831 Thread 0x000001c42c293160 Thread added: 0x000001c42c293160
Event: 99.927 Thread 0x000001c42c293630 Thread added: 0x000001c42c293630
Event: 99.986 Thread 0x000001c42c295310 Thread added: 0x000001c42c295310
Event: 100.442 Thread 0x000001c42c2944a0 Thread added: 0x000001c42c2944a0
Event: 101.613 Thread 0x000001c42bdc1870 Thread added: 0x000001c42bdc1870
Event: 101.662 Thread 0x000001c42bdbdeb0 Thread added: 0x000001c42bdbdeb0
Event: 102.818 Thread 0x000001c42bdc3080 Thread added: 0x000001c42bdc3080
Event: 102.840 Thread 0x000001c42bdc2bb0 Thread added: 0x000001c42bdc2bb0
Event: 102.860 Thread 0x000001c42bdc3a20 Thread added: 0x000001c42bdc3a20
Event: 102.934 Thread 0x000001c42bdbe380 Thread added: 0x000001c42bdbe380
Event: 102.988 Thread 0x000001c42bdc2210 Thread added: 0x000001c42bdc2210


Dynamic libraries:
0x00007ff6b42a0000 - 0x00007ff6b42ad000 	C:\Users\ﬁËÈ\.jdks\openjdk-15.0.2\bin\java.exe
0x00007ffdef590000 - 0x00007ffdef785000 	C:\Windows\SYSTEM32\ntdll.dll
0x00007ffdef310000 - 0x00007ffdef3cd000 	C:\Windows\System32\KERNEL32.DLL
0x00007ffded010000 - 0x00007ffded2d8000 	C:\Windows\System32\KERNELBASE.dll
0x00007ffdecdb0000 - 0x00007ffdeceb0000 	C:\Windows\System32\ucrtbase.dll
0x00007ffde75b0000 - 0x00007ffde75c9000 	C:\Users\ﬁËÈ\.jdks\openjdk-15.0.2\bin\VCRUNTIME140.dll
0x00007ffde8170000 - 0x00007ffde8188000 	C:\Users\ﬁËÈ\.jdks\openjdk-15.0.2\bin\jli.dll
0x00007ffdee6d0000 - 0x00007ffdee870000 	C:\Windows\System32\USER32.dll
0x00007ffdcef10000 - 0x00007ffdcf1aa000 	C:\Windows\WinSxS\amd64_microsoft.windows.common-controls_6595b64144ccf1df_6.0.19041.844_none_ca00b6081b84eb1d\COMCTL32.dll
0x00007ffdeccd0000 - 0x00007ffdeccf2000 	C:\Windows\System32\win32u.dll
0x00007ffded5f0000 - 0x00007ffded68e000 	C:\Windows\System32\msvcrt.dll
0x00007ffdee4d0000 - 0x00007ffdee4fa000 	C:\Windows\System32\GDI32.dll
0x00007ffded380000 - 0x00007ffded48b000 	C:\Windows\System32\gdi32full.dll
0x00007ffded2e0000 - 0x00007ffded37d000 	C:\Windows\System32\msvcp_win.dll
0x00007ffdedfa0000 - 0x00007ffdedfd0000 	C:\Windows\System32\IMM32.DLL
0x00007ffde82a0000 - 0x00007ffde82ac000 	C:\Users\ﬁËÈ\.jdks\openjdk-15.0.2\bin\vcruntime140_1.dll
0x00007ffde6100000 - 0x00007ffde6191000 	C:\Users\ﬁËÈ\.jdks\openjdk-15.0.2\bin\msvcp140.dll
0x00007ffdb8310000 - 0x00007ffdb8e6e000 	C:\Users\ﬁËÈ\.jdks\openjdk-15.0.2\bin\server\jvm.dll
0x00007ffdeeb50000 - 0x00007ffdeebfc000 	C:\Windows\System32\ADVAPI32.dll
0x00007ffdee040000 - 0x00007ffdee0db000 	C:\Windows\System32\sechost.dll
0x00007ffdeea20000 - 0x00007ffdeeb4b000 	C:\Windows\System32\RPCRT4.dll
0x00007ffdedfd0000 - 0x00007ffdedfd8000 	C:\Windows\System32\PSAPI.DLL
0x00007ffde8b30000 - 0x00007ffde8b39000 	C:\Windows\SYSTEM32\WSOCK32.dll
0x00007ffde87f0000 - 0x00007ffde8817000 	C:\Windows\SYSTEM32\WINMM.dll
0x00007ffde7960000 - 0x00007ffde796a000 	C:\Windows\SYSTEM32\VERSION.dll
0x00007ffdeedb0000 - 0x00007ffdeee1b000 	C:\Windows\System32\WS2_32.dll
0x00007ffdeab00000 - 0x00007ffdeab12000 	C:\Windows\SYSTEM32\kernel.appcore.dll
0x00007ffde8140000 - 0x00007ffde814a000 	C:\Users\ﬁËÈ\.jdks\openjdk-15.0.2\bin\jimage.dll
0x00007ffde62c0000 - 0x00007ffde64a4000 	C:\Windows\SYSTEM32\DBGHELP.DLL
0x00007ffde5910000 - 0x00007ffde593c000 	C:\Windows\SYSTEM32\dbgcore.DLL
0x00007ffded4f0000 - 0x00007ffded570000 	C:\Windows\System32\bcryptPrimitives.dll
0x00007ffde7580000 - 0x00007ffde75a5000 	C:\Users\ﬁËÈ\.jdks\openjdk-15.0.2\bin\java.dll
0x00007ffded7d0000 - 0x00007ffdedf12000 	C:\Windows\System32\SHELL32.dll
0x00007ffdeade0000 - 0x00007ffdeb570000 	C:\Windows\SYSTEM32\windows.storage.dll
0x00007ffdee0e0000 - 0x00007ffdee435000 	C:\Windows\System32\combase.dll
0x00007ffdec630000 - 0x00007ffdec65c000 	C:\Windows\SYSTEM32\Wldp.dll
0x00007ffdee610000 - 0x00007ffdee6be000 	C:\Windows\System32\SHCORE.dll
0x00007ffdef3d0000 - 0x00007ffdef425000 	C:\Windows\System32\shlwapi.dll
0x00007ffdecc10000 - 0x00007ffdecc2f000 	C:\Windows\SYSTEM32\profapi.dll
0x00007ffde4b80000 - 0x00007ffde4b99000 	C:\Users\ﬁËÈ\.jdks\openjdk-15.0.2\bin\net.dll
0x00007ffde7bd0000 - 0x00007ffde7cdb000 	C:\Windows\SYSTEM32\WINHTTP.dll
0x00007ffdec380000 - 0x00007ffdec3ea000 	C:\Windows\system32\mswsock.dll
0x00007ffde4b60000 - 0x00007ffde4b72000 	C:\Users\ﬁËÈ\.jdks\openjdk-15.0.2\bin\nio.dll
0x00007ffde4a60000 - 0x00007ffde4a78000 	C:\Users\ﬁËÈ\.jdks\openjdk-15.0.2\bin\zip.dll
0x00007ffde7870000 - 0x00007ffde7880000 	C:\Users\ﬁËÈ\.jdks\openjdk-15.0.2\bin\verify.dll
0x00007ffde77b0000 - 0x00007ffde77d7000 	C:\Users\ﬁËÈ\.gradle\native\fdc75f09e3144964f2cf3f50f0aa648679c211496f362492102eb8c894070792\windows-amd64\native-platform.dll
0x00007ffdc0840000 - 0x00007ffdc09d6000 	C:\Users\ﬁËÈ\.gradle\native\12488b8bf47d2d4c9fbf2f6322a914ad602e24e48041cd04a747c6da556b65c4\windows-amd64\native-platform-file-events.dll
0x00007ffde6ea0000 - 0x00007ffde6ea9000 	C:\Users\ﬁËÈ\.jdks\openjdk-15.0.2\bin\management.dll
0x00007ffde60f0000 - 0x00007ffde60fb000 	C:\Users\ﬁËÈ\.jdks\openjdk-15.0.2\bin\management_ext.dll
0x00007ffdec610000 - 0x00007ffdec628000 	C:\Windows\SYSTEM32\CRYPTSP.dll
0x00007ffdebd40000 - 0x00007ffdebd74000 	C:\Windows\system32\rsaenh.dll
0x00007ffded5c0000 - 0x00007ffded5e7000 	C:\Windows\System32\bcrypt.dll
0x00007ffdecbd0000 - 0x00007ffdecbfe000 	C:\Windows\SYSTEM32\USERENV.dll
0x00007ffdec500000 - 0x00007ffdec50c000 	C:\Windows\SYSTEM32\CRYPTBASE.dll
0x00007ffdec090000 - 0x00007ffdec0cb000 	C:\Windows\SYSTEM32\IPHLPAPI.DLL
0x00007ffded7c0000 - 0x00007ffded7c8000 	C:\Windows\System32\NSI.dll
0x00007ffde6de0000 - 0x00007ffde6df7000 	C:\Windows\SYSTEM32\dhcpcsvc6.DLL
0x00007ffde70a0000 - 0x00007ffde70bd000 	C:\Windows\SYSTEM32\dhcpcsvc.DLL
0x00007ffdec0d0000 - 0x00007ffdec19c000 	C:\Windows\SYSTEM32\DNSAPI.dll
0x00007ffde8910000 - 0x00007ffde891b000 	C:\Windows\SYSTEM32\WINNSI.DLL

dbghelp: loaded successfully - version: 4.0.5 - missing functions: none
symbol engine: initialized successfully - sym options: 0x614 - pdb path: .;C:\Users\ﬁËÈ\.jdks\openjdk-15.0.2\bin;C:\Windows\SYSTEM32;C:\Windows\WinSxS\amd64_microsoft.windows.common-controls_6595b64144ccf1df_6.0.19041.844_none_ca00b6081b84eb1d;C:\Users\ﬁËÈ\.jdks\openjdk-15.0.2\bin\server;C:\Users\ﬁËÈ\.gradle\native\fdc75f09e3144964f2cf3f50f0aa648679c211496f362492102eb8c894070792\windows-amd64;C:\Users\ﬁËÈ\.gradle\native\12488b8bf47d2d4c9fbf2f6322a914ad602e24e48041cd04a747c6da556b65c4\windows-amd64

VM Arguments:
jvm_args: --add-opens=java.base/java.util=ALL-UNNAMED --add-opens=java.base/java.lang=ALL-UNNAMED --add-opens=java.base/java.lang.invoke=ALL-UNNAMED --add-opens=java.prefs/java.util.prefs=ALL-UNNAMED -XX:MaxMetaspaceSize=256m -XX:+HeapDumpOnOutOfMemoryError -Xms256m -Xmx512m -Dfile.encoding=windows-1251 -Duser.country=RU -Duser.language=ru -Duser.variant 
java_command: org.gradle.launcher.daemon.bootstrap.GradleDaemon 6.7.1
java_class_path (initial): C:\Users\ﬁËÈ\.gradle\wrapper\dists\gradle-6.7.1-all\2moa8rlfac5eqlcfgk98k0deb\gradle-6.7.1\lib\gradle-launcher-6.7.1.jar
Launcher Type: SUN_STANDARD

[Global flags]
     intx CICompilerCount                          = 4                                         {product} {ergonomic}
   size_t CompressedClassSpaceSize                 = 260046848                                 {product} {ergonomic}
     uint ConcGCThreads                            = 2                                         {product} {ergonomic}
     uint G1ConcRefinementThreads                  = 8                                         {product} {ergonomic}
   size_t G1HeapRegionSize                         = 1048576                                   {product} {ergonomic}
    uintx GCDrainStackTargetSize                   = 64                                        {product} {ergonomic}
     bool HeapDumpOnOutOfMemoryError               = true                                   {manageable} {command line}
   size_t InitialHeapSize                          = 268435456                                 {product} {command line}
   size_t MarkStackSize                            = 4194304                                   {product} {ergonomic}
   size_t MaxHeapSize                              = 536870912                                 {product} {command line}
   size_t MaxMetaspaceSize                         = 268435456                                 {product} {command line}
   size_t MaxNewSize                               = 321912832                                 {product} {ergonomic}
   size_t MinHeapDeltaBytes                        = 1048576                                   {product} {ergonomic}
   size_t MinHeapSize                              = 268435456                                 {product} {command line}
    uintx NonNMethodCodeHeapSize                   = 5839372                                {pd product} {ergonomic}
    uintx NonProfiledCodeHeapSize                  = 122909434                              {pd product} {ergonomic}
    uintx ProfiledCodeHeapSize                     = 122909434                              {pd product} {ergonomic}
    uintx ReservedCodeCacheSize                    = 251658240                              {pd product} {ergonomic}
     bool SegmentedCodeCache                       = true                                      {product} {ergonomic}
   size_t SoftMaxHeapSize                          = 536870912                              {manageable} {ergonomic}
     bool UseCompressedClassPointers               = true                                 {lp64_product} {ergonomic}
     bool UseCompressedOops                        = true                                 {lp64_product} {ergonomic}
     bool UseG1GC                                  = true                                      {product} {ergonomic}
     bool UseLargePagesIndividualAllocation        = false                                  {pd product} {ergonomic}

Logging:
Log output configuration:
 #0: stdout all=warning uptime,level,tags
 #1: stderr all=off uptime,level,tags

Environment Variables:
JAVA_HOME=C:\Program Files\Amazon Corretto\jdk1.8.0_282
PATH=C:\Program Files\Amazon Corretto\jdk1.8.0_282\bin;C:\Windows\system32;C:\Windows;C:\Windows\System32\Wbem;C:\Windows\System32\WindowsPowerShell\v1.0\;C:\Windows\System32\OpenSSH\;C:\Program Files\Git\cmd;C:\Program Files\TortoiseGit\bin;C:\Program Files\nodejs\;C:\Users\ﬁËÈ\yandex-cloud\bin;C:\Program Files\PuTTY\;C:\Program Files\Docker\Docker\resources\bin;C:\ProgramData\DockerDesktop\version-bin;C:\Program Files\MySQL\MySQL Shell 8.0\bin\;C:\Users\ﬁËÈ\AppData\Local\Microsoft\WindowsApps;C:\Users\ﬁËÈ\AppData\Roaming\npm;C:\Users\ﬁËÈ\yandex-cloud\bin;
USERNAME=ﬁËÈ
OS=Windows_NT
PROCESSOR_IDENTIFIER=Intel64 Family 6 Model 142 Stepping 10, GenuineIntel



---------------  S Y S T E M  ---------------

OS:
 Windows 10 , 64 bit Build 19041 (10.0.19041.928)
OS uptime: 18 days 18:16 hours
HyperV virtualization detected

CPU: total 8 (initial active 8) (4 cores per cpu, 2 threads per core) family 6 model 142 stepping 10 microcode 0xe0, cmov, cx8, fxsr, mmx, sse, sse2, sse3, ssse3, sse4.1, sse4.2, popcnt, vzeroupper, avx, avx2, aes, clmul, erms, 3dnowpref, lzcnt, ht, tsc, tscinvbit, bmi1, bmi2, adx, fma, clflush, clflushopt

Memory: 4k page, system-wide physical 3970M (14M free)
TotalPageFile size 16258M (AvailPageFile size 2M)
current process WorkingSet (physical memory assigned to process): 92M, peak: 334M
current process commit charge ("private bytes"): 461M, peak: 470M

vm_info: OpenJDK 64-Bit Server VM (15.0.2+7-27) for windows-amd64 JRE (15.0.2+7-27), built on Dec  7 2020 20:02:38 by "mach5one" with unknown MS VC++:1925

END.
